CRITICAL - 2023-02-18 11:29:45 --> next() expects parameter 1 to be array, null given
in APPPATH\Views\web\news_detail.php on line 42.
 1 [internal function]: CodeIgniter\Debug\Exceptions->errorHandler(2, 'next() expects parameter 1 to be array, null given', 'APPPATH\\Views\\web\\news_detail.php', 42, [...])
 2 APPPATH\Views\web\news_detail.php(42): next(null)
 3 SYSTEMPATH\View\View.php(213): include('APPPATH\\Views\\web\\news_detail.php')
 4 SYSTEMPATH\View\View.php(216): CodeIgniter\View\View->CodeIgniter\View\{closure}()
 5 SYSTEMPATH\Common.php(1137): CodeIgniter\View\View->render('web/news_detail', [], true)
 6 APPPATH\Controllers\Home.php(49): view('web/news_detail', [...])
 7 SYSTEMPATH\CodeIgniter.php(904): App\Controllers\Home->news_view('3')
 8 SYSTEMPATH\CodeIgniter.php(457): CodeIgniter\CodeIgniter->runController(Object(App\Controllers\Home))
 9 SYSTEMPATH\CodeIgniter.php(340): CodeIgniter\CodeIgniter->handleRequest(null, Object(Config\Cache), false)
10 FCPATH\index.php(67): CodeIgniter\CodeIgniter->run()
CRITICAL - 2023-02-18 11:29:47 --> next() expects parameter 1 to be array, null given
in APPPATH\Views\web\news_detail.php on line 42.
 1 [internal function]: CodeIgniter\Debug\Exceptions->errorHandler(2, 'next() expects parameter 1 to be array, null given', 'APPPATH\\Views\\web\\news_detail.php', 42, [...])
 2 APPPATH\Views\web\news_detail.php(42): next(null)
 3 SYSTEMPATH\View\View.php(213): include('APPPATH\\Views\\web\\news_detail.php')
 4 SYSTEMPATH\View\View.php(216): CodeIgniter\View\View->CodeIgniter\View\{closure}()
 5 SYSTEMPATH\Common.php(1137): CodeIgniter\View\View->render('web/news_detail', [], true)
 6 APPPATH\Controllers\Home.php(49): view('web/news_detail', [...])
 7 SYSTEMPATH\CodeIgniter.php(904): App\Controllers\Home->news_view('FCPATH\\universal', 'styles-compressed', 'popup-overlay-948192219c3257f767ec5-min.en-US.css')
 8 SYSTEMPATH\CodeIgniter.php(457): CodeIgniter\CodeIgniter->runController(Object(App\Controllers\Home))
 9 SYSTEMPATH\CodeIgniter.php(340): CodeIgniter\CodeIgniter->handleRequest(null, Object(Config\Cache), false)
10 FCPATH\index.php(67): CodeIgniter\CodeIgniter->run()
CRITICAL - 2023-02-18 11:29:47 --> next() expects parameter 1 to be array, null given
in APPPATH\Views\web\news_detail.php on line 42.
 1 [internal function]: CodeIgniter\Debug\Exceptions->errorHandler(2, 'next() expects parameter 1 to be array, null given', 'APPPATH\\Views\\web\\news_detail.php', 42, [...])
 2 APPPATH\Views\web\news_detail.php(42): next(null)
 3 SYSTEMPATH\View\View.php(213): include('APPPATH\\Views\\web\\news_detail.php')
 4 SYSTEMPATH\View\View.php(216): CodeIgniter\View\View->CodeIgniter\View\{closure}()
 5 SYSTEMPATH\Common.php(1137): CodeIgniter\View\View->render('web/news_detail', [], true)
 6 APPPATH\Controllers\Home.php(49): view('web/news_detail', [...])
 7 SYSTEMPATH\CodeIgniter.php(904): App\Controllers\Home->news_view('FCPATH\\universal', 'scripts-compressed', 'popup-overlay-d81337754655a7e82426e-min.en-US.js')
 8 SYSTEMPATH\CodeIgniter.php(457): CodeIgniter\CodeIgniter->runController(Object(App\Controllers\Home))
 9 SYSTEMPATH\CodeIgniter.php(340): CodeIgniter\CodeIgniter->handleRequest(null, Object(Config\Cache), false)
10 FCPATH\index.php(67): CodeIgniter\CodeIgniter->run()
CRITICAL - 2023-02-18 11:30:09 --> Object of class stdClass could not be converted to string
in APPPATH\Views\web\news_detail.php on line 42.
 1 SYSTEMPATH\View\View.php(213): include()
 2 SYSTEMPATH\View\View.php(216): CodeIgniter\View\View->CodeIgniter\View\{closure}()
 3 SYSTEMPATH\Common.php(1137): CodeIgniter\View\View->render('web/news_detail', [], true)
 4 APPPATH\Controllers\Home.php(49): view('web/news_detail', [...])
 5 SYSTEMPATH\CodeIgniter.php(904): App\Controllers\Home->news_view('3')
 6 SYSTEMPATH\CodeIgniter.php(457): CodeIgniter\CodeIgniter->runController(Object(App\Controllers\Home))
 7 SYSTEMPATH\CodeIgniter.php(340): CodeIgniter\CodeIgniter->handleRequest(null, Object(Config\Cache), false)
 8 FCPATH\index.php(67): CodeIgniter\CodeIgniter->run()
CRITICAL - 2023-02-18 11:30:09 --> Object of class stdClass could not be converted to string
in APPPATH\Views\web\news_detail.php on line 42.
 1 SYSTEMPATH\View\View.php(213): include()
 2 SYSTEMPATH\View\View.php(216): CodeIgniter\View\View->CodeIgniter\View\{closure}()
 3 SYSTEMPATH\Common.php(1137): CodeIgniter\View\View->render('web/news_detail', [], true)
 4 APPPATH\Controllers\Home.php(49): view('web/news_detail', [...])
 5 SYSTEMPATH\CodeIgniter.php(904): App\Controllers\Home->news_view('FCPATH\\universal', 'scripts-compressed', 'popup-overlay-d81337754655a7e82426e-min.en-US.js')
 6 SYSTEMPATH\CodeIgniter.php(457): CodeIgniter\CodeIgniter->runController(Object(App\Controllers\Home))
 7 SYSTEMPATH\CodeIgniter.php(340): CodeIgniter\CodeIgniter->handleRequest(null, Object(Config\Cache), false)
 8 FCPATH\index.php(67): CodeIgniter\CodeIgniter->run()
CRITICAL - 2023-02-18 11:30:09 --> Object of class stdClass could not be converted to string
in APPPATH\Views\web\news_detail.php on line 42.
 1 SYSTEMPATH\View\View.php(213): include()
 2 SYSTEMPATH\View\View.php(216): CodeIgniter\View\View->CodeIgniter\View\{closure}()
 3 SYSTEMPATH\Common.php(1137): CodeIgniter\View\View->render('web/news_detail', [], true)
 4 APPPATH\Controllers\Home.php(49): view('web/news_detail', [...])
 5 SYSTEMPATH\CodeIgniter.php(904): App\Controllers\Home->news_view('FCPATH\\universal', 'styles-compressed', 'popup-overlay-948192219c3257f767ec5-min.en-US.css')
 6 SYSTEMPATH\CodeIgniter.php(457): CodeIgniter\CodeIgniter->runController(Object(App\Controllers\Home))
 7 SYSTEMPATH\CodeIgniter.php(340): CodeIgniter\CodeIgniter->handleRequest(null, Object(Config\Cache), false)
 8 FCPATH\index.php(67): CodeIgniter\CodeIgniter->run()
CRITICAL - 2023-02-18 11:30:42 --> Object of class stdClass could not be converted to string
in APPPATH\Views\web\news_detail.php on line 43.
 1 SYSTEMPATH\View\View.php(213): include()
 2 SYSTEMPATH\View\View.php(216): CodeIgniter\View\View->CodeIgniter\View\{closure}()
 3 SYSTEMPATH\Common.php(1137): CodeIgniter\View\View->render('web/news_detail', [], true)
 4 APPPATH\Controllers\Home.php(49): view('web/news_detail', [...])
 5 SYSTEMPATH\CodeIgniter.php(904): App\Controllers\Home->news_view('3')
 6 SYSTEMPATH\CodeIgniter.php(457): CodeIgniter\CodeIgniter->runController(Object(App\Controllers\Home))
 7 SYSTEMPATH\CodeIgniter.php(340): CodeIgniter\CodeIgniter->handleRequest(null, Object(Config\Cache), false)
 8 FCPATH\index.php(67): CodeIgniter\CodeIgniter->run()
CRITICAL - 2023-02-18 11:30:43 --> Object of class stdClass could not be converted to string
in APPPATH\Views\web\news_detail.php on line 43.
 1 SYSTEMPATH\View\View.php(213): include()
 2 SYSTEMPATH\View\View.php(216): CodeIgniter\View\View->CodeIgniter\View\{closure}()
 3 SYSTEMPATH\Common.php(1137): CodeIgniter\View\View->render('web/news_detail', [], true)
 4 APPPATH\Controllers\Home.php(49): view('web/news_detail', [...])
 5 SYSTEMPATH\CodeIgniter.php(904): App\Controllers\Home->news_view('FCPATH\\universal', 'scripts-compressed', 'popup-overlay-d81337754655a7e82426e-min.en-US.js')
 6 SYSTEMPATH\CodeIgniter.php(457): CodeIgniter\CodeIgniter->runController(Object(App\Controllers\Home))
 7 SYSTEMPATH\CodeIgniter.php(340): CodeIgniter\CodeIgniter->handleRequest(null, Object(Config\Cache), false)
 8 FCPATH\index.php(67): CodeIgniter\CodeIgniter->run()
CRITICAL - 2023-02-18 11:30:43 --> Object of class stdClass could not be converted to string
in APPPATH\Views\web\news_detail.php on line 43.
 1 SYSTEMPATH\View\View.php(213): include()
 2 SYSTEMPATH\View\View.php(216): CodeIgniter\View\View->CodeIgniter\View\{closure}()
 3 SYSTEMPATH\Common.php(1137): CodeIgniter\View\View->render('web/news_detail', [], true)
 4 APPPATH\Controllers\Home.php(49): view('web/news_detail', [...])
 5 SYSTEMPATH\CodeIgniter.php(904): App\Controllers\Home->news_view('FCPATH\\universal', 'styles-compressed', 'popup-overlay-948192219c3257f767ec5-min.en-US.css')
 6 SYSTEMPATH\CodeIgniter.php(457): CodeIgniter\CodeIgniter->runController(Object(App\Controllers\Home))
 7 SYSTEMPATH\CodeIgniter.php(340): CodeIgniter\CodeIgniter->handleRequest(null, Object(Config\Cache), false)
 8 FCPATH\index.php(67): CodeIgniter\CodeIgniter->run()
CRITICAL - 2023-02-18 11:33:13 --> current() expects parameter 1 to be array, null given
in APPPATH\Views\web\news_detail.php on line 4.
 1 [internal function]: CodeIgniter\Debug\Exceptions->errorHandler(2, 'current() expects parameter 1 to be array, null given', 'APPPATH\\Views\\web\\news_detail.php', 4, [...])
 2 APPPATH\Views\web\news_detail.php(4): current(null)
 3 SYSTEMPATH\View\View.php(213): include('APPPATH\\Views\\web\\news_detail.php')
 4 SYSTEMPATH\View\View.php(216): CodeIgniter\View\View->CodeIgniter\View\{closure}()
 5 SYSTEMPATH\Common.php(1137): CodeIgniter\View\View->render('web/news_detail', [], true)
 6 APPPATH\Controllers\Home.php(49): view('web/news_detail', [...])
 7 SYSTEMPATH\CodeIgniter.php(904): App\Controllers\Home->news_view('3')
 8 SYSTEMPATH\CodeIgniter.php(457): CodeIgniter\CodeIgniter->runController(Object(App\Controllers\Home))
 9 SYSTEMPATH\CodeIgniter.php(340): CodeIgniter\CodeIgniter->handleRequest(null, Object(Config\Cache), false)
10 FCPATH\index.php(67): CodeIgniter\CodeIgniter->run()
CRITICAL - 2023-02-18 11:33:13 --> current() expects parameter 1 to be array, null given
in APPPATH\Views\web\news_detail.php on line 4.
 1 [internal function]: CodeIgniter\Debug\Exceptions->errorHandler(2, 'current() expects parameter 1 to be array, null given', 'APPPATH\\Views\\web\\news_detail.php', 4, [...])
 2 APPPATH\Views\web\news_detail.php(4): current(null)
 3 SYSTEMPATH\View\View.php(213): include('APPPATH\\Views\\web\\news_detail.php')
 4 SYSTEMPATH\View\View.php(216): CodeIgniter\View\View->CodeIgniter\View\{closure}()
 5 SYSTEMPATH\Common.php(1137): CodeIgniter\View\View->render('web/news_detail', [], true)
 6 APPPATH\Controllers\Home.php(49): view('web/news_detail', [...])
 7 SYSTEMPATH\CodeIgniter.php(904): App\Controllers\Home->news_view('FCPATH\\universal', 'scripts-compressed', 'popup-overlay-d81337754655a7e82426e-min.en-US.js')
 8 SYSTEMPATH\CodeIgniter.php(457): CodeIgniter\CodeIgniter->runController(Object(App\Controllers\Home))
 9 SYSTEMPATH\CodeIgniter.php(340): CodeIgniter\CodeIgniter->handleRequest(null, Object(Config\Cache), false)
10 FCPATH\index.php(67): CodeIgniter\CodeIgniter->run()
CRITICAL - 2023-02-18 11:33:13 --> current() expects parameter 1 to be array, null given
in APPPATH\Views\web\news_detail.php on line 4.
 1 [internal function]: CodeIgniter\Debug\Exceptions->errorHandler(2, 'current() expects parameter 1 to be array, null given', 'APPPATH\\Views\\web\\news_detail.php', 4, [...])
 2 APPPATH\Views\web\news_detail.php(4): current(null)
 3 SYSTEMPATH\View\View.php(213): include('APPPATH\\Views\\web\\news_detail.php')
 4 SYSTEMPATH\View\View.php(216): CodeIgniter\View\View->CodeIgniter\View\{closure}()
 5 SYSTEMPATH\Common.php(1137): CodeIgniter\View\View->render('web/news_detail', [], true)
 6 APPPATH\Controllers\Home.php(49): view('web/news_detail', [...])
 7 SYSTEMPATH\CodeIgniter.php(904): App\Controllers\Home->news_view('FCPATH\\universal', 'styles-compressed', 'popup-overlay-948192219c3257f767ec5-min.en-US.css')
 8 SYSTEMPATH\CodeIgniter.php(457): CodeIgniter\CodeIgniter->runController(Object(App\Controllers\Home))
 9 SYSTEMPATH\CodeIgniter.php(340): CodeIgniter\CodeIgniter->handleRequest(null, Object(Config\Cache), false)
10 FCPATH\index.php(67): CodeIgniter\CodeIgniter->run()
CRITICAL - 2023-02-18 11:33:23 --> Use of undefined constant news_id - assumed 'news_id' (this will throw an Error in a future version of PHP)
in APPPATH\Views\web\news_detail.php on line 4.
 1 APPPATH\Views\web\news_detail.php(4): CodeIgniter\Debug\Exceptions->errorHandler(2, 'Use of undefined constant news_id - assumed \'news_id\' (this will throw an Error in a future version of PHP)', 'APPPATH\\Views\\web\\news_detail.php', 4, [...])
 2 SYSTEMPATH\View\View.php(213): include('APPPATH\\Views\\web\\news_detail.php')
 3 SYSTEMPATH\View\View.php(216): CodeIgniter\View\View->CodeIgniter\View\{closure}()
 4 SYSTEMPATH\Common.php(1137): CodeIgniter\View\View->render('web/news_detail', [], true)
 5 APPPATH\Controllers\Home.php(49): view('web/news_detail', [...])
 6 SYSTEMPATH\CodeIgniter.php(904): App\Controllers\Home->news_view('3')
 7 SYSTEMPATH\CodeIgniter.php(457): CodeIgniter\CodeIgniter->runController(Object(App\Controllers\Home))
 8 SYSTEMPATH\CodeIgniter.php(340): CodeIgniter\CodeIgniter->handleRequest(null, Object(Config\Cache), false)
 9 FCPATH\index.php(67): CodeIgniter\CodeIgniter->run()
CRITICAL - 2023-02-18 11:33:24 --> Use of undefined constant news_id - assumed 'news_id' (this will throw an Error in a future version of PHP)
in APPPATH\Views\web\news_detail.php on line 4.
 1 APPPATH\Views\web\news_detail.php(4): CodeIgniter\Debug\Exceptions->errorHandler(2, 'Use of undefined constant news_id - assumed \'news_id\' (this will throw an Error in a future version of PHP)', 'APPPATH\\Views\\web\\news_detail.php', 4, [...])
 2 SYSTEMPATH\View\View.php(213): include('APPPATH\\Views\\web\\news_detail.php')
 3 SYSTEMPATH\View\View.php(216): CodeIgniter\View\View->CodeIgniter\View\{closure}()
 4 SYSTEMPATH\Common.php(1137): CodeIgniter\View\View->render('web/news_detail', [], true)
 5 APPPATH\Controllers\Home.php(49): view('web/news_detail', [...])
 6 SYSTEMPATH\CodeIgniter.php(904): App\Controllers\Home->news_view('FCPATH\\universal', 'scripts-compressed', 'popup-overlay-d81337754655a7e82426e-min.en-US.js')
 7 SYSTEMPATH\CodeIgniter.php(457): CodeIgniter\CodeIgniter->runController(Object(App\Controllers\Home))
 8 SYSTEMPATH\CodeIgniter.php(340): CodeIgniter\CodeIgniter->handleRequest(null, Object(Config\Cache), false)
 9 FCPATH\index.php(67): CodeIgniter\CodeIgniter->run()
CRITICAL - 2023-02-18 11:33:24 --> Use of undefined constant news_id - assumed 'news_id' (this will throw an Error in a future version of PHP)
in APPPATH\Views\web\news_detail.php on line 4.
 1 APPPATH\Views\web\news_detail.php(4): CodeIgniter\Debug\Exceptions->errorHandler(2, 'Use of undefined constant news_id - assumed \'news_id\' (this will throw an Error in a future version of PHP)', 'APPPATH\\Views\\web\\news_detail.php', 4, [...])
 2 SYSTEMPATH\View\View.php(213): include('APPPATH\\Views\\web\\news_detail.php')
 3 SYSTEMPATH\View\View.php(216): CodeIgniter\View\View->CodeIgniter\View\{closure}()
 4 SYSTEMPATH\Common.php(1137): CodeIgniter\View\View->render('web/news_detail', [], true)
 5 APPPATH\Controllers\Home.php(49): view('web/news_detail', [...])
 6 SYSTEMPATH\CodeIgniter.php(904): App\Controllers\Home->news_view('FCPATH\\universal', 'styles-compressed', 'popup-overlay-948192219c3257f767ec5-min.en-US.css')
 7 SYSTEMPATH\CodeIgniter.php(457): CodeIgniter\CodeIgniter->runController(Object(App\Controllers\Home))
 8 SYSTEMPATH\CodeIgniter.php(340): CodeIgniter\CodeIgniter->handleRequest(null, Object(Config\Cache), false)
 9 FCPATH\index.php(67): CodeIgniter\CodeIgniter->run()
CRITICAL - 2023-02-18 11:36:27 --> next() expects parameter 1 to be array, string given
in APPPATH\Views\web\news_detail.php on line 3.
 1 [internal function]: CodeIgniter\Debug\Exceptions->errorHandler(2, 'next() expects parameter 1 to be array, string given', 'APPPATH\\Views\\web\\news_detail.php', 3, [...])
 2 APPPATH\Views\web\news_detail.php(3): next('3')
 3 SYSTEMPATH\View\View.php(213): include('APPPATH\\Views\\web\\news_detail.php')
 4 SYSTEMPATH\View\View.php(216): CodeIgniter\View\View->CodeIgniter\View\{closure}()
 5 SYSTEMPATH\Common.php(1137): CodeIgniter\View\View->render('web/news_detail', [], true)
 6 APPPATH\Controllers\Home.php(49): view('web/news_detail', [...])
 7 SYSTEMPATH\CodeIgniter.php(904): App\Controllers\Home->news_view('3')
 8 SYSTEMPATH\CodeIgniter.php(457): CodeIgniter\CodeIgniter->runController(Object(App\Controllers\Home))
 9 SYSTEMPATH\CodeIgniter.php(340): CodeIgniter\CodeIgniter->handleRequest(null, Object(Config\Cache), false)
10 FCPATH\index.php(67): CodeIgniter\CodeIgniter->run()
CRITICAL - 2023-02-18 11:37:24 --> current() expects parameter 1 to be array, null given
in APPPATH\Views\web\news_detail.php on line 5.
 1 [internal function]: CodeIgniter\Debug\Exceptions->errorHandler(2, 'current() expects parameter 1 to be array, null given', 'APPPATH\\Views\\web\\news_detail.php', 5, [...])
 2 APPPATH\Views\web\news_detail.php(5): current(null)
 3 SYSTEMPATH\View\View.php(213): include('APPPATH\\Views\\web\\news_detail.php')
 4 SYSTEMPATH\View\View.php(216): CodeIgniter\View\View->CodeIgniter\View\{closure}()
 5 SYSTEMPATH\Common.php(1137): CodeIgniter\View\View->render('web/news_detail', [], true)
 6 APPPATH\Controllers\Home.php(49): view('web/news_detail', [...])
 7 SYSTEMPATH\CodeIgniter.php(904): App\Controllers\Home->news_view('3')
 8 SYSTEMPATH\CodeIgniter.php(457): CodeIgniter\CodeIgniter->runController(Object(App\Controllers\Home))
 9 SYSTEMPATH\CodeIgniter.php(340): CodeIgniter\CodeIgniter->handleRequest(null, Object(Config\Cache), false)
10 FCPATH\index.php(67): CodeIgniter\CodeIgniter->run()
CRITICAL - 2023-02-18 11:37:25 --> current() expects parameter 1 to be array, null given
in APPPATH\Views\web\news_detail.php on line 5.
 1 [internal function]: CodeIgniter\Debug\Exceptions->errorHandler(2, 'current() expects parameter 1 to be array, null given', 'APPPATH\\Views\\web\\news_detail.php', 5, [...])
 2 APPPATH\Views\web\news_detail.php(5): current(null)
 3 SYSTEMPATH\View\View.php(213): include('APPPATH\\Views\\web\\news_detail.php')
 4 SYSTEMPATH\View\View.php(216): CodeIgniter\View\View->CodeIgniter\View\{closure}()
 5 SYSTEMPATH\Common.php(1137): CodeIgniter\View\View->render('web/news_detail', [], true)
 6 APPPATH\Controllers\Home.php(49): view('web/news_detail', [...])
 7 SYSTEMPATH\CodeIgniter.php(904): App\Controllers\Home->news_view('FCPATH\\universal', 'scripts-compressed', 'popup-overlay-d81337754655a7e82426e-min.en-US.js')
 8 SYSTEMPATH\CodeIgniter.php(457): CodeIgniter\CodeIgniter->runController(Object(App\Controllers\Home))
 9 SYSTEMPATH\CodeIgniter.php(340): CodeIgniter\CodeIgniter->handleRequest(null, Object(Config\Cache), false)
10 FCPATH\index.php(67): CodeIgniter\CodeIgniter->run()
CRITICAL - 2023-02-18 11:37:25 --> current() expects parameter 1 to be array, null given
in APPPATH\Views\web\news_detail.php on line 5.
 1 [internal function]: CodeIgniter\Debug\Exceptions->errorHandler(2, 'current() expects parameter 1 to be array, null given', 'APPPATH\\Views\\web\\news_detail.php', 5, [...])
 2 APPPATH\Views\web\news_detail.php(5): current(null)
 3 SYSTEMPATH\View\View.php(213): include('APPPATH\\Views\\web\\news_detail.php')
 4 SYSTEMPATH\View\View.php(216): CodeIgniter\View\View->CodeIgniter\View\{closure}()
 5 SYSTEMPATH\Common.php(1137): CodeIgniter\View\View->render('web/news_detail', [], true)
 6 APPPATH\Controllers\Home.php(49): view('web/news_detail', [...])
 7 SYSTEMPATH\CodeIgniter.php(904): App\Controllers\Home->news_view('FCPATH\\universal', 'styles-compressed', 'popup-overlay-948192219c3257f767ec5-min.en-US.css')
 8 SYSTEMPATH\CodeIgniter.php(457): CodeIgniter\CodeIgniter->runController(Object(App\Controllers\Home))
 9 SYSTEMPATH\CodeIgniter.php(340): CodeIgniter\CodeIgniter->handleRequest(null, Object(Config\Cache), false)
10 FCPATH\index.php(67): CodeIgniter\CodeIgniter->run()
CRITICAL - 2023-02-18 11:37:45 --> Cannot use [] for reading
in APPPATH\Views\web\news_detail.php on line 5.
 1 [internal function]: CodeIgniter\Debug\Exceptions->shutdownHandler()
CRITICAL - 2023-02-18 11:37:46 --> Cannot use [] for reading
in APPPATH\Views\web\news_detail.php on line 5.
 1 [internal function]: CodeIgniter\Debug\Exceptions->shutdownHandler()
CRITICAL - 2023-02-18 11:37:46 --> Cannot use [] for reading
in APPPATH\Views\web\news_detail.php on line 5.
 1 [internal function]: CodeIgniter\Debug\Exceptions->shutdownHandler()
CRITICAL - 2023-02-18 11:37:57 --> Cannot use [] for reading
in APPPATH\Views\web\news_detail.php on line 5.
 1 [internal function]: CodeIgniter\Debug\Exceptions->shutdownHandler()
CRITICAL - 2023-02-18 11:37:58 --> Cannot use [] for reading
in APPPATH\Views\web\news_detail.php on line 5.
 1 [internal function]: CodeIgniter\Debug\Exceptions->shutdownHandler()
CRITICAL - 2023-02-18 11:37:58 --> Cannot use [] for reading
in APPPATH\Views\web\news_detail.php on line 5.
 1 [internal function]: CodeIgniter\Debug\Exceptions->shutdownHandler()
CRITICAL - 2023-02-18 11:40:36 --> next() expects parameter 1 to be array, string given
in APPPATH\Views\web\news_detail.php on line 6.
 1 [internal function]: CodeIgniter\Debug\Exceptions->errorHandler(2, 'next() expects parameter 1 to be array, string given', 'APPPATH\\Views\\web\\news_detail.php', 6, [...])
 2 APPPATH\Views\web\news_detail.php(6): next('3')
 3 SYSTEMPATH\View\View.php(213): include('APPPATH\\Views\\web\\news_detail.php')
 4 SYSTEMPATH\View\View.php(216): CodeIgniter\View\View->CodeIgniter\View\{closure}()
 5 SYSTEMPATH\Common.php(1137): CodeIgniter\View\View->render('web/news_detail', [], true)
 6 APPPATH\Controllers\Home.php(49): view('web/news_detail', [...])
 7 SYSTEMPATH\CodeIgniter.php(904): App\Controllers\Home->news_view('3')
 8 SYSTEMPATH\CodeIgniter.php(457): CodeIgniter\CodeIgniter->runController(Object(App\Controllers\Home))
 9 SYSTEMPATH\CodeIgniter.php(340): CodeIgniter\CodeIgniter->handleRequest(null, Object(Config\Cache), false)
10 FCPATH\index.php(67): CodeIgniter\CodeIgniter->run()
CRITICAL - 2023-02-18 11:40:36 --> next() expects parameter 1 to be array, string given
in APPPATH\Views\web\news_detail.php on line 6.
 1 [internal function]: CodeIgniter\Debug\Exceptions->errorHandler(2, 'next() expects parameter 1 to be array, string given', 'APPPATH\\Views\\web\\news_detail.php', 6, [...])
 2 APPPATH\Views\web\news_detail.php(6): next('3')
 3 SYSTEMPATH\View\View.php(213): include('APPPATH\\Views\\web\\news_detail.php')
 4 SYSTEMPATH\View\View.php(216): CodeIgniter\View\View->CodeIgniter\View\{closure}()
 5 SYSTEMPATH\Common.php(1137): CodeIgniter\View\View->render('web/news_detail', [], true)
 6 APPPATH\Controllers\Home.php(49): view('web/news_detail', [...])
 7 SYSTEMPATH\CodeIgniter.php(904): App\Controllers\Home->news_view('FCPATH\\universal', 'scripts-compressed', 'popup-overlay-d81337754655a7e82426e-min.en-US.js')
 8 SYSTEMPATH\CodeIgniter.php(457): CodeIgniter\CodeIgniter->runController(Object(App\Controllers\Home))
 9 SYSTEMPATH\CodeIgniter.php(340): CodeIgniter\CodeIgniter->handleRequest(null, Object(Config\Cache), false)
10 FCPATH\index.php(67): CodeIgniter\CodeIgniter->run()
CRITICAL - 2023-02-18 11:40:36 --> next() expects parameter 1 to be array, string given
in APPPATH\Views\web\news_detail.php on line 6.
 1 [internal function]: CodeIgniter\Debug\Exceptions->errorHandler(2, 'next() expects parameter 1 to be array, string given', 'APPPATH\\Views\\web\\news_detail.php', 6, [...])
 2 APPPATH\Views\web\news_detail.php(6): next('3')
 3 SYSTEMPATH\View\View.php(213): include('APPPATH\\Views\\web\\news_detail.php')
 4 SYSTEMPATH\View\View.php(216): CodeIgniter\View\View->CodeIgniter\View\{closure}()
 5 SYSTEMPATH\Common.php(1137): CodeIgniter\View\View->render('web/news_detail', [], true)
 6 APPPATH\Controllers\Home.php(49): view('web/news_detail', [...])
 7 SYSTEMPATH\CodeIgniter.php(904): App\Controllers\Home->news_view('FCPATH\\universal', 'styles-compressed', 'popup-overlay-948192219c3257f767ec5-min.en-US.css')
 8 SYSTEMPATH\CodeIgniter.php(457): CodeIgniter\CodeIgniter->runController(Object(App\Controllers\Home))
 9 SYSTEMPATH\CodeIgniter.php(340): CodeIgniter\CodeIgniter->handleRequest(null, Object(Config\Cache), false)
10 FCPATH\index.php(67): CodeIgniter\CodeIgniter->run()
CRITICAL - 2023-02-18 11:41:36 --> next() expects parameter 1 to be array, null given
in APPPATH\Views\web\news_detail.php on line 6.
 1 [internal function]: CodeIgniter\Debug\Exceptions->errorHandler(2, 'next() expects parameter 1 to be array, null given', 'APPPATH\\Views\\web\\news_detail.php', 6, [...])
 2 APPPATH\Views\web\news_detail.php(6): next(null)
 3 SYSTEMPATH\View\View.php(213): include('APPPATH\\Views\\web\\news_detail.php')
 4 SYSTEMPATH\View\View.php(216): CodeIgniter\View\View->CodeIgniter\View\{closure}()
 5 SYSTEMPATH\Common.php(1137): CodeIgniter\View\View->render('web/news_detail', [], true)
 6 APPPATH\Controllers\Home.php(49): view('web/news_detail', [...])
 7 SYSTEMPATH\CodeIgniter.php(904): App\Controllers\Home->news_view('3')
 8 SYSTEMPATH\CodeIgniter.php(457): CodeIgniter\CodeIgniter->runController(Object(App\Controllers\Home))
 9 SYSTEMPATH\CodeIgniter.php(340): CodeIgniter\CodeIgniter->handleRequest(null, Object(Config\Cache), false)
10 FCPATH\index.php(67): CodeIgniter\CodeIgniter->run()
CRITICAL - 2023-02-18 11:41:37 --> next() expects parameter 1 to be array, null given
in APPPATH\Views\web\news_detail.php on line 6.
 1 [internal function]: CodeIgniter\Debug\Exceptions->errorHandler(2, 'next() expects parameter 1 to be array, null given', 'APPPATH\\Views\\web\\news_detail.php', 6, [...])
 2 APPPATH\Views\web\news_detail.php(6): next(null)
 3 SYSTEMPATH\View\View.php(213): include('APPPATH\\Views\\web\\news_detail.php')
 4 SYSTEMPATH\View\View.php(216): CodeIgniter\View\View->CodeIgniter\View\{closure}()
 5 SYSTEMPATH\Common.php(1137): CodeIgniter\View\View->render('web/news_detail', [], true)
 6 APPPATH\Controllers\Home.php(49): view('web/news_detail', [...])
 7 SYSTEMPATH\CodeIgniter.php(904): App\Controllers\Home->news_view('FCPATH\\universal', 'scripts-compressed', 'popup-overlay-d81337754655a7e82426e-min.en-US.js')
 8 SYSTEMPATH\CodeIgniter.php(457): CodeIgniter\CodeIgniter->runController(Object(App\Controllers\Home))
 9 SYSTEMPATH\CodeIgniter.php(340): CodeIgniter\CodeIgniter->handleRequest(null, Object(Config\Cache), false)
10 FCPATH\index.php(67): CodeIgniter\CodeIgniter->run()
CRITICAL - 2023-02-18 11:41:37 --> next() expects parameter 1 to be array, null given
in APPPATH\Views\web\news_detail.php on line 6.
 1 [internal function]: CodeIgniter\Debug\Exceptions->errorHandler(2, 'next() expects parameter 1 to be array, null given', 'APPPATH\\Views\\web\\news_detail.php', 6, [...])
 2 APPPATH\Views\web\news_detail.php(6): next(null)
 3 SYSTEMPATH\View\View.php(213): include('APPPATH\\Views\\web\\news_detail.php')
 4 SYSTEMPATH\View\View.php(216): CodeIgniter\View\View->CodeIgniter\View\{closure}()
 5 SYSTEMPATH\Common.php(1137): CodeIgniter\View\View->render('web/news_detail', [], true)
 6 APPPATH\Controllers\Home.php(49): view('web/news_detail', [...])
 7 SYSTEMPATH\CodeIgniter.php(904): App\Controllers\Home->news_view('FCPATH\\universal', 'styles-compressed', 'popup-overlay-948192219c3257f767ec5-min.en-US.css')
 8 SYSTEMPATH\CodeIgniter.php(457): CodeIgniter\CodeIgniter->runController(Object(App\Controllers\Home))
 9 SYSTEMPATH\CodeIgniter.php(340): CodeIgniter\CodeIgniter->handleRequest(null, Object(Config\Cache), false)
10 FCPATH\index.php(67): CodeIgniter\CodeIgniter->run()
CRITICAL - 2023-02-18 11:41:50 --> next() expects parameter 1 to be array, null given
in APPPATH\Views\web\news_detail.php on line 8.
 1 [internal function]: CodeIgniter\Debug\Exceptions->errorHandler(2, 'next() expects parameter 1 to be array, null given', 'APPPATH\\Views\\web\\news_detail.php', 8, [...])
 2 APPPATH\Views\web\news_detail.php(8): next(null)
 3 SYSTEMPATH\View\View.php(213): include('APPPATH\\Views\\web\\news_detail.php')
 4 SYSTEMPATH\View\View.php(216): CodeIgniter\View\View->CodeIgniter\View\{closure}()
 5 SYSTEMPATH\Common.php(1137): CodeIgniter\View\View->render('web/news_detail', [], true)
 6 APPPATH\Controllers\Home.php(49): view('web/news_detail', [...])
 7 SYSTEMPATH\CodeIgniter.php(904): App\Controllers\Home->news_view('3')
 8 SYSTEMPATH\CodeIgniter.php(457): CodeIgniter\CodeIgniter->runController(Object(App\Controllers\Home))
 9 SYSTEMPATH\CodeIgniter.php(340): CodeIgniter\CodeIgniter->handleRequest(null, Object(Config\Cache), false)
10 FCPATH\index.php(67): CodeIgniter\CodeIgniter->run()
CRITICAL - 2023-02-18 11:41:50 --> next() expects parameter 1 to be array, null given
in APPPATH\Views\web\news_detail.php on line 8.
 1 [internal function]: CodeIgniter\Debug\Exceptions->errorHandler(2, 'next() expects parameter 1 to be array, null given', 'APPPATH\\Views\\web\\news_detail.php', 8, [...])
 2 APPPATH\Views\web\news_detail.php(8): next(null)
 3 SYSTEMPATH\View\View.php(213): include('APPPATH\\Views\\web\\news_detail.php')
 4 SYSTEMPATH\View\View.php(216): CodeIgniter\View\View->CodeIgniter\View\{closure}()
 5 SYSTEMPATH\Common.php(1137): CodeIgniter\View\View->render('web/news_detail', [], true)
 6 APPPATH\Controllers\Home.php(49): view('web/news_detail', [...])
 7 SYSTEMPATH\CodeIgniter.php(904): App\Controllers\Home->news_view('FCPATH\\universal', 'styles-compressed', 'popup-overlay-948192219c3257f767ec5-min.en-US.css')
 8 SYSTEMPATH\CodeIgniter.php(457): CodeIgniter\CodeIgniter->runController(Object(App\Controllers\Home))
 9 SYSTEMPATH\CodeIgniter.php(340): CodeIgniter\CodeIgniter->handleRequest(null, Object(Config\Cache), false)
10 FCPATH\index.php(67): CodeIgniter\CodeIgniter->run()
CRITICAL - 2023-02-18 11:41:50 --> next() expects parameter 1 to be array, null given
in APPPATH\Views\web\news_detail.php on line 8.
 1 [internal function]: CodeIgniter\Debug\Exceptions->errorHandler(2, 'next() expects parameter 1 to be array, null given', 'APPPATH\\Views\\web\\news_detail.php', 8, [...])
 2 APPPATH\Views\web\news_detail.php(8): next(null)
 3 SYSTEMPATH\View\View.php(213): include('APPPATH\\Views\\web\\news_detail.php')
 4 SYSTEMPATH\View\View.php(216): CodeIgniter\View\View->CodeIgniter\View\{closure}()
 5 SYSTEMPATH\Common.php(1137): CodeIgniter\View\View->render('web/news_detail', [], true)
 6 APPPATH\Controllers\Home.php(49): view('web/news_detail', [...])
 7 SYSTEMPATH\CodeIgniter.php(904): App\Controllers\Home->news_view('FCPATH\\universal', 'scripts-compressed', 'popup-overlay-d81337754655a7e82426e-min.en-US.js')
 8 SYSTEMPATH\CodeIgniter.php(457): CodeIgniter\CodeIgniter->runController(Object(App\Controllers\Home))
 9 SYSTEMPATH\CodeIgniter.php(340): CodeIgniter\CodeIgniter->handleRequest(null, Object(Config\Cache), false)
10 FCPATH\index.php(67): CodeIgniter\CodeIgniter->run()
CRITICAL - 2023-02-18 11:42:43 --> next() expects parameter 1 to be array, null given
in APPPATH\Views\web\news_detail.php on line 9.
 1 [internal function]: CodeIgniter\Debug\Exceptions->errorHandler(2, 'next() expects parameter 1 to be array, null given', 'APPPATH\\Views\\web\\news_detail.php', 9, [...])
 2 APPPATH\Views\web\news_detail.php(9): next(null)
 3 SYSTEMPATH\View\View.php(213): include('APPPATH\\Views\\web\\news_detail.php')
 4 SYSTEMPATH\View\View.php(216): CodeIgniter\View\View->CodeIgniter\View\{closure}()
 5 SYSTEMPATH\Common.php(1137): CodeIgniter\View\View->render('web/news_detail', [], true)
 6 APPPATH\Controllers\Home.php(49): view('web/news_detail', [...])
 7 SYSTEMPATH\CodeIgniter.php(904): App\Controllers\Home->news_view('3')
 8 SYSTEMPATH\CodeIgniter.php(457): CodeIgniter\CodeIgniter->runController(Object(App\Controllers\Home))
 9 SYSTEMPATH\CodeIgniter.php(340): CodeIgniter\CodeIgniter->handleRequest(null, Object(Config\Cache), false)
10 FCPATH\index.php(67): CodeIgniter\CodeIgniter->run()
CRITICAL - 2023-02-18 11:42:43 --> next() expects parameter 1 to be array, null given
in APPPATH\Views\web\news_detail.php on line 9.
 1 [internal function]: CodeIgniter\Debug\Exceptions->errorHandler(2, 'next() expects parameter 1 to be array, null given', 'APPPATH\\Views\\web\\news_detail.php', 9, [...])
 2 APPPATH\Views\web\news_detail.php(9): next(null)
 3 SYSTEMPATH\View\View.php(213): include('APPPATH\\Views\\web\\news_detail.php')
 4 SYSTEMPATH\View\View.php(216): CodeIgniter\View\View->CodeIgniter\View\{closure}()
 5 SYSTEMPATH\Common.php(1137): CodeIgniter\View\View->render('web/news_detail', [], true)
 6 APPPATH\Controllers\Home.php(49): view('web/news_detail', [...])
 7 SYSTEMPATH\CodeIgniter.php(904): App\Controllers\Home->news_view('FCPATH\\universal', 'styles-compressed', 'popup-overlay-948192219c3257f767ec5-min.en-US.css')
 8 SYSTEMPATH\CodeIgniter.php(457): CodeIgniter\CodeIgniter->runController(Object(App\Controllers\Home))
 9 SYSTEMPATH\CodeIgniter.php(340): CodeIgniter\CodeIgniter->handleRequest(null, Object(Config\Cache), false)
10 FCPATH\index.php(67): CodeIgniter\CodeIgniter->run()
CRITICAL - 2023-02-18 11:42:43 --> next() expects parameter 1 to be array, null given
in APPPATH\Views\web\news_detail.php on line 9.
 1 [internal function]: CodeIgniter\Debug\Exceptions->errorHandler(2, 'next() expects parameter 1 to be array, null given', 'APPPATH\\Views\\web\\news_detail.php', 9, [...])
 2 APPPATH\Views\web\news_detail.php(9): next(null)
 3 SYSTEMPATH\View\View.php(213): include('APPPATH\\Views\\web\\news_detail.php')
 4 SYSTEMPATH\View\View.php(216): CodeIgniter\View\View->CodeIgniter\View\{closure}()
 5 SYSTEMPATH\Common.php(1137): CodeIgniter\View\View->render('web/news_detail', [], true)
 6 APPPATH\Controllers\Home.php(49): view('web/news_detail', [...])
 7 SYSTEMPATH\CodeIgniter.php(904): App\Controllers\Home->news_view('FCPATH\\universal', 'scripts-compressed', 'popup-overlay-d81337754655a7e82426e-min.en-US.js')
 8 SYSTEMPATH\CodeIgniter.php(457): CodeIgniter\CodeIgniter->runController(Object(App\Controllers\Home))
 9 SYSTEMPATH\CodeIgniter.php(340): CodeIgniter\CodeIgniter->handleRequest(null, Object(Config\Cache), false)
10 FCPATH\index.php(67): CodeIgniter\CodeIgniter->run()
CRITICAL - 2023-02-18 11:43:28 --> array_push() expects parameter 1 to be array, string given
in APPPATH\Views\web\news_detail.php on line 6.
 1 [internal function]: CodeIgniter\Debug\Exceptions->errorHandler(2, 'array_push() expects parameter 1 to be array, string given', 'APPPATH\\Views\\web\\news_detail.php', 6, [...])
 2 APPPATH\Views\web\news_detail.php(6): array_push('3')
 3 SYSTEMPATH\View\View.php(213): include('APPPATH\\Views\\web\\news_detail.php')
 4 SYSTEMPATH\View\View.php(216): CodeIgniter\View\View->CodeIgniter\View\{closure}()
 5 SYSTEMPATH\Common.php(1137): CodeIgniter\View\View->render('web/news_detail', [], true)
 6 APPPATH\Controllers\Home.php(49): view('web/news_detail', [...])
 7 SYSTEMPATH\CodeIgniter.php(904): App\Controllers\Home->news_view('3')
 8 SYSTEMPATH\CodeIgniter.php(457): CodeIgniter\CodeIgniter->runController(Object(App\Controllers\Home))
 9 SYSTEMPATH\CodeIgniter.php(340): CodeIgniter\CodeIgniter->handleRequest(null, Object(Config\Cache), false)
10 FCPATH\index.php(67): CodeIgniter\CodeIgniter->run()
CRITICAL - 2023-02-18 11:43:29 --> array_push() expects parameter 1 to be array, string given
in APPPATH\Views\web\news_detail.php on line 6.
 1 [internal function]: CodeIgniter\Debug\Exceptions->errorHandler(2, 'array_push() expects parameter 1 to be array, string given', 'APPPATH\\Views\\web\\news_detail.php', 6, [...])
 2 APPPATH\Views\web\news_detail.php(6): array_push('3')
 3 SYSTEMPATH\View\View.php(213): include('APPPATH\\Views\\web\\news_detail.php')
 4 SYSTEMPATH\View\View.php(216): CodeIgniter\View\View->CodeIgniter\View\{closure}()
 5 SYSTEMPATH\Common.php(1137): CodeIgniter\View\View->render('web/news_detail', [], true)
 6 APPPATH\Controllers\Home.php(49): view('web/news_detail', [...])
 7 SYSTEMPATH\CodeIgniter.php(904): App\Controllers\Home->news_view('FCPATH\\universal', 'styles-compressed', 'popup-overlay-948192219c3257f767ec5-min.en-US.css')
 8 SYSTEMPATH\CodeIgniter.php(457): CodeIgniter\CodeIgniter->runController(Object(App\Controllers\Home))
 9 SYSTEMPATH\CodeIgniter.php(340): CodeIgniter\CodeIgniter->handleRequest(null, Object(Config\Cache), false)
10 FCPATH\index.php(67): CodeIgniter\CodeIgniter->run()
CRITICAL - 2023-02-18 11:43:29 --> array_push() expects parameter 1 to be array, string given
in APPPATH\Views\web\news_detail.php on line 6.
 1 [internal function]: CodeIgniter\Debug\Exceptions->errorHandler(2, 'array_push() expects parameter 1 to be array, string given', 'APPPATH\\Views\\web\\news_detail.php', 6, [...])
 2 APPPATH\Views\web\news_detail.php(6): array_push('3')
 3 SYSTEMPATH\View\View.php(213): include('APPPATH\\Views\\web\\news_detail.php')
 4 SYSTEMPATH\View\View.php(216): CodeIgniter\View\View->CodeIgniter\View\{closure}()
 5 SYSTEMPATH\Common.php(1137): CodeIgniter\View\View->render('web/news_detail', [], true)
 6 APPPATH\Controllers\Home.php(49): view('web/news_detail', [...])
 7 SYSTEMPATH\CodeIgniter.php(904): App\Controllers\Home->news_view('FCPATH\\universal', 'scripts-compressed', 'popup-overlay-d81337754655a7e82426e-min.en-US.js')
 8 SYSTEMPATH\CodeIgniter.php(457): CodeIgniter\CodeIgniter->runController(Object(App\Controllers\Home))
 9 SYSTEMPATH\CodeIgniter.php(340): CodeIgniter\CodeIgniter->handleRequest(null, Object(Config\Cache), false)
10 FCPATH\index.php(67): CodeIgniter\CodeIgniter->run()
CRITICAL - 2023-02-18 11:44:03 --> next() expects parameter 1 to be array, null given
in APPPATH\Views\web\news_detail.php on line 9.
 1 [internal function]: CodeIgniter\Debug\Exceptions->errorHandler(2, 'next() expects parameter 1 to be array, null given', 'APPPATH\\Views\\web\\news_detail.php', 9, [...])
 2 APPPATH\Views\web\news_detail.php(9): next(null)
 3 SYSTEMPATH\View\View.php(213): include('APPPATH\\Views\\web\\news_detail.php')
 4 SYSTEMPATH\View\View.php(216): CodeIgniter\View\View->CodeIgniter\View\{closure}()
 5 SYSTEMPATH\Common.php(1137): CodeIgniter\View\View->render('web/news_detail', [], true)
 6 APPPATH\Controllers\Home.php(49): view('web/news_detail', [...])
 7 SYSTEMPATH\CodeIgniter.php(904): App\Controllers\Home->news_view('3')
 8 SYSTEMPATH\CodeIgniter.php(457): CodeIgniter\CodeIgniter->runController(Object(App\Controllers\Home))
 9 SYSTEMPATH\CodeIgniter.php(340): CodeIgniter\CodeIgniter->handleRequest(null, Object(Config\Cache), false)
10 FCPATH\index.php(67): CodeIgniter\CodeIgniter->run()
CRITICAL - 2023-02-18 11:44:03 --> next() expects parameter 1 to be array, null given
in APPPATH\Views\web\news_detail.php on line 9.
 1 [internal function]: CodeIgniter\Debug\Exceptions->errorHandler(2, 'next() expects parameter 1 to be array, null given', 'APPPATH\\Views\\web\\news_detail.php', 9, [...])
 2 APPPATH\Views\web\news_detail.php(9): next(null)
 3 SYSTEMPATH\View\View.php(213): include('APPPATH\\Views\\web\\news_detail.php')
 4 SYSTEMPATH\View\View.php(216): CodeIgniter\View\View->CodeIgniter\View\{closure}()
 5 SYSTEMPATH\Common.php(1137): CodeIgniter\View\View->render('web/news_detail', [], true)
 6 APPPATH\Controllers\Home.php(49): view('web/news_detail', [...])
 7 SYSTEMPATH\CodeIgniter.php(904): App\Controllers\Home->news_view('FCPATH\\universal', 'styles-compressed', 'popup-overlay-948192219c3257f767ec5-min.en-US.css')
 8 SYSTEMPATH\CodeIgniter.php(457): CodeIgniter\CodeIgniter->runController(Object(App\Controllers\Home))
 9 SYSTEMPATH\CodeIgniter.php(340): CodeIgniter\CodeIgniter->handleRequest(null, Object(Config\Cache), false)
10 FCPATH\index.php(67): CodeIgniter\CodeIgniter->run()
CRITICAL - 2023-02-18 11:44:03 --> next() expects parameter 1 to be array, null given
in APPPATH\Views\web\news_detail.php on line 9.
 1 [internal function]: CodeIgniter\Debug\Exceptions->errorHandler(2, 'next() expects parameter 1 to be array, null given', 'APPPATH\\Views\\web\\news_detail.php', 9, [...])
 2 APPPATH\Views\web\news_detail.php(9): next(null)
 3 SYSTEMPATH\View\View.php(213): include('APPPATH\\Views\\web\\news_detail.php')
 4 SYSTEMPATH\View\View.php(216): CodeIgniter\View\View->CodeIgniter\View\{closure}()
 5 SYSTEMPATH\Common.php(1137): CodeIgniter\View\View->render('web/news_detail', [], true)
 6 APPPATH\Controllers\Home.php(49): view('web/news_detail', [...])
 7 SYSTEMPATH\CodeIgniter.php(904): App\Controllers\Home->news_view('FCPATH\\universal', 'scripts-compressed', 'popup-overlay-d81337754655a7e82426e-min.en-US.js')
 8 SYSTEMPATH\CodeIgniter.php(457): CodeIgniter\CodeIgniter->runController(Object(App\Controllers\Home))
 9 SYSTEMPATH\CodeIgniter.php(340): CodeIgniter\CodeIgniter->handleRequest(null, Object(Config\Cache), false)
10 FCPATH\index.php(67): CodeIgniter\CodeIgniter->run()
