CRITICAL - 2022-11-26 00:44:29 --> unlink(C:\xampp\htdocs\test\da_sein\public\/uploads/work_img/fgdg-dfg-dfg-d/): Is a directory
in APPPATH\Controllers\Admin\Work.php on line 288.
 1 [internal function]: CodeIgniter\Debug\Exceptions->errorHandler(2, 'unlink(C:\\xampp\\htdocs\\test\\da_sein\\public\\/uploads/work_img/fgdg-dfg-dfg-d/): Is a directory', 'APPPATH\\Controllers\\Admin\\Work.php', 288, [...])
 2 APPPATH\Controllers\Admin\Work.php(288): unlink('FCPATH\\uploads\\work_img\\fgdg-dfg-dfg-d')
 3 SYSTEMPATH\CodeIgniter.php(904): App\Controllers\Admin\Work->delete('3')
 4 SYSTEMPATH\CodeIgniter.php(457): CodeIgniter\CodeIgniter->runController(Object(App\Controllers\Admin\Work))
 5 SYSTEMPATH\CodeIgniter.php(340): CodeIgniter\CodeIgniter->handleRequest(null, Object(Config\Cache), false)
 6 FCPATH\index.php(67): CodeIgniter\CodeIgniter->run()
CRITICAL - 2022-11-26 00:45:38 --> unlink(C:\xampp\htdocs\test\da_sein\public\/uploads/work_img/fgdg-dfg-dfg-d): Is a directory
in APPPATH\Controllers\Admin\Work.php on line 288.
 1 [internal function]: CodeIgniter\Debug\Exceptions->errorHandler(2, 'unlink(C:\\xampp\\htdocs\\test\\da_sein\\public\\/uploads/work_img/fgdg-dfg-dfg-d): Is a directory', 'APPPATH\\Controllers\\Admin\\Work.php', 288, [...])
 2 APPPATH\Controllers\Admin\Work.php(288): unlink('FCPATH\\uploads\\work_img\\fgdg-dfg-dfg-d')
 3 SYSTEMPATH\CodeIgniter.php(904): App\Controllers\Admin\Work->delete('3')
 4 SYSTEMPATH\CodeIgniter.php(457): CodeIgniter\CodeIgniter->runController(Object(App\Controllers\Admin\Work))
 5 SYSTEMPATH\CodeIgniter.php(340): CodeIgniter\CodeIgniter->handleRequest(null, Object(Config\Cache), false)
 6 FCPATH\index.php(67): CodeIgniter\CodeIgniter->run()
CRITICAL - 2022-11-26 00:46:32 --> Call to undefined function App\Controllers\Admin\delete_files()
in APPPATH\Controllers\Admin\Work.php on line 288.
 1 SYSTEMPATH\CodeIgniter.php(904): App\Controllers\Admin\Work->delete('3')
 2 SYSTEMPATH\CodeIgniter.php(457): CodeIgniter\CodeIgniter->runController(Object(App\Controllers\Admin\Work))
 3 SYSTEMPATH\CodeIgniter.php(340): CodeIgniter\CodeIgniter->handleRequest(null, Object(Config\Cache), false)
 4 FCPATH\index.php(67): CodeIgniter\CodeIgniter->run()
CRITICAL - 2022-11-26 00:46:53 --> Call to a member function helper() on null
in APPPATH\Controllers\Admin\Work.php on line 286.
 1 SYSTEMPATH\CodeIgniter.php(904): App\Controllers\Admin\Work->delete('3')
 2 SYSTEMPATH\CodeIgniter.php(457): CodeIgniter\CodeIgniter->runController(Object(App\Controllers\Admin\Work))
 3 SYSTEMPATH\CodeIgniter.php(340): CodeIgniter\CodeIgniter->handleRequest(null, Object(Config\Cache), false)
 4 FCPATH\index.php(67): CodeIgniter\CodeIgniter->run()
CRITICAL - 2022-11-26 00:48:49 --> Call to a member function helper() on null
in APPPATH\Controllers\Admin\Work.php on line 286.
 1 SYSTEMPATH\CodeIgniter.php(904): App\Controllers\Admin\Work->delete('3')
 2 SYSTEMPATH\CodeIgniter.php(457): CodeIgniter\CodeIgniter->runController(Object(App\Controllers\Admin\Work))
 3 SYSTEMPATH\CodeIgniter.php(340): CodeIgniter\CodeIgniter->handleRequest(null, Object(Config\Cache), false)
 4 FCPATH\index.php(67): CodeIgniter\CodeIgniter->run()
CRITICAL - 2022-11-26 00:48:56 --> unlink(): http does not allow unlinking
in APPPATH\Controllers\Admin\Work.php on line 289.
 1 [internal function]: CodeIgniter\Debug\Exceptions->errorHandler(2, 'unlink(): http does not allow unlinking', 'APPPATH\\Controllers\\Admin\\Work.php', 289, [...])
 2 APPPATH\Controllers\Admin\Work.php(289): unlink('http://test.dns/da_sein/public/uploads/work_img/fgdg-dfg-dfg-d')
 3 SYSTEMPATH\CodeIgniter.php(904): App\Controllers\Admin\Work->delete('3')
 4 SYSTEMPATH\CodeIgniter.php(457): CodeIgniter\CodeIgniter->runController(Object(App\Controllers\Admin\Work))
 5 SYSTEMPATH\CodeIgniter.php(340): CodeIgniter\CodeIgniter->handleRequest(null, Object(Config\Cache), false)
 6 FCPATH\index.php(67): CodeIgniter\CodeIgniter->run()
CRITICAL - 2022-11-26 00:51:06 --> Call to undefined function App\Controllers\Admin\delete_files()
in APPPATH\Controllers\Admin\Work.php on line 288.
 1 SYSTEMPATH\CodeIgniter.php(904): App\Controllers\Admin\Work->delete('3')
 2 SYSTEMPATH\CodeIgniter.php(457): CodeIgniter\CodeIgniter->runController(Object(App\Controllers\Admin\Work))
 3 SYSTEMPATH\CodeIgniter.php(340): CodeIgniter\CodeIgniter->handleRequest(null, Object(Config\Cache), false)
 4 FCPATH\index.php(67): CodeIgniter\CodeIgniter->run()
CRITICAL - 2022-11-26 00:51:24 --> Call to undefined function App\Controllers\Admin\delete_files()
in APPPATH\Controllers\Admin\Work.php on line 288.
 1 SYSTEMPATH\CodeIgniter.php(904): App\Controllers\Admin\Work->delete('3')
 2 SYSTEMPATH\CodeIgniter.php(457): CodeIgniter\CodeIgniter->runController(Object(App\Controllers\Admin\Work))
 3 SYSTEMPATH\CodeIgniter.php(340): CodeIgniter\CodeIgniter->handleRequest(null, Object(Config\Cache), false)
 4 FCPATH\index.php(67): CodeIgniter\CodeIgniter->run()
CRITICAL - 2022-11-26 00:52:35 --> Call to a member function helper() on null
in APPPATH\Controllers\Admin\Work.php on line 286.
 1 SYSTEMPATH\CodeIgniter.php(904): App\Controllers\Admin\Work->delete('3')
 2 SYSTEMPATH\CodeIgniter.php(457): CodeIgniter\CodeIgniter->runController(Object(App\Controllers\Admin\Work))
 3 SYSTEMPATH\CodeIgniter.php(340): CodeIgniter\CodeIgniter->handleRequest(null, Object(Config\Cache), false)
 4 FCPATH\index.php(67): CodeIgniter\CodeIgniter->run()
ERROR - 2022-11-26 00:53:31 --> mysqli_sql_exception: Cannot delete or update a parent row: a foreign key constraint fails (`pixel`.`work_gallary`, CONSTRAINT `work_gallary_ibfk_1` FOREIGN KEY (`work_id`) REFERENCES `works` (`work_id`) ON UPDATE CASCADE) in C:\xampp\htdocs\test\da_sein\system\Database\MySQLi\Connection.php:292
Stack trace:
#0 C:\xampp\htdocs\test\da_sein\system\Database\MySQLi\Connection.php(292): mysqli->query('DELETE FROM `wo...', 0)
#1 C:\xampp\htdocs\test\da_sein\system\Database\BaseConnection.php(693): CodeIgniter\Database\MySQLi\Connection->execute('DELETE FROM `wo...')
#2 C:\xampp\htdocs\test\da_sein\system\Database\BaseConnection.php(620): CodeIgniter\Database\BaseConnection->simpleQuery('DELETE FROM `wo...')
#3 C:\xampp\htdocs\test\da_sein\system\Database\BaseBuilder.php(2390): CodeIgniter\Database\BaseConnection->query('DELETE FROM `wo...', Array, false)
#4 C:\xampp\htdocs\test\da_sein\app\Controllers\Admin\Work.php(292): CodeIgniter\Database\BaseBuilder->delete()
#5 C:\xampp\htdocs\test\da_sein\system\CodeIgniter.php(904): App\Controllers\Admin\Work->delete('3')
#6 C:\xampp\htdocs\test\da_sein\system\CodeIgniter.php(457): CodeIgniter\CodeIgniter->runController(Object(App\Controllers\Admin\Work))
#7 C:\xampp\htdocs\test\da_sein\system\CodeIgniter.php(340): CodeIgniter\CodeIgniter->handleRequest(NULL, Object(Config\Cache), false)
#8 C:\xampp\htdocs\test\da_sein\public\index.php(67): CodeIgniter\CodeIgniter->run()
#9 {main}
ERROR - 2022-11-26 00:54:00 --> mysqli_sql_exception: Cannot delete or update a parent row: a foreign key constraint fails (`pixel`.`work_gallary`, CONSTRAINT `work_gallary_ibfk_1` FOREIGN KEY (`work_id`) REFERENCES `works` (`work_id`) ON UPDATE CASCADE) in C:\xampp\htdocs\test\da_sein\system\Database\MySQLi\Connection.php:292
Stack trace:
#0 C:\xampp\htdocs\test\da_sein\system\Database\MySQLi\Connection.php(292): mysqli->query('DELETE FROM `wo...', 0)
#1 C:\xampp\htdocs\test\da_sein\system\Database\BaseConnection.php(693): CodeIgniter\Database\MySQLi\Connection->execute('DELETE FROM `wo...')
#2 C:\xampp\htdocs\test\da_sein\system\Database\BaseConnection.php(620): CodeIgniter\Database\BaseConnection->simpleQuery('DELETE FROM `wo...')
#3 C:\xampp\htdocs\test\da_sein\system\Database\BaseBuilder.php(2390): CodeIgniter\Database\BaseConnection->query('DELETE FROM `wo...', Array, false)
#4 C:\xampp\htdocs\test\da_sein\app\Controllers\Admin\Work.php(292): CodeIgniter\Database\BaseBuilder->delete()
#5 C:\xampp\htdocs\test\da_sein\system\CodeIgniter.php(904): App\Controllers\Admin\Work->delete('3')
#6 C:\xampp\htdocs\test\da_sein\system\CodeIgniter.php(457): CodeIgniter\CodeIgniter->runController(Object(App\Controllers\Admin\Work))
#7 C:\xampp\htdocs\test\da_sein\system\CodeIgniter.php(340): CodeIgniter\CodeIgniter->handleRequest(NULL, Object(Config\Cache), false)
#8 C:\xampp\htdocs\test\da_sein\public\index.php(67): CodeIgniter\CodeIgniter->run()
#9 {main}
CRITICAL - 2022-11-26 00:54:12 --> unlink(C:\xampp\htdocs\test\da_sein\public\/uploads/work_img/fgdg-dfg-dfg-d/work_1669444828_f464f81fd219e5e12433.jpg): No such file or directory
in APPPATH\Controllers\Admin\Work.php on line 305.
 1 [internal function]: CodeIgniter\Debug\Exceptions->errorHandler(2, 'unlink(C:\\xampp\\htdocs\\test\\da_sein\\public\\/uploads/work_img/fgdg-dfg-dfg-d/work_1669444828_f464f81fd219e5e12433.jpg): No such file or directory', 'APPPATH\\Controllers\\Admin\\Work.php', 305, [...])
 2 APPPATH\Controllers\Admin\Work.php(305): unlink('FCPATH\\/uploads/work_img/fgdg-dfg-dfg-d/work_1669444828_f464f81fd219e5e12433.jpg')
 3 SYSTEMPATH\CodeIgniter.php(904): App\Controllers\Admin\Work->delete_image('12')
 4 SYSTEMPATH\CodeIgniter.php(457): CodeIgniter\CodeIgniter->runController(Object(App\Controllers\Admin\Work))
 5 SYSTEMPATH\CodeIgniter.php(340): CodeIgniter\CodeIgniter->handleRequest(null, Object(Config\Cache), false)
 6 FCPATH\index.php(67): CodeIgniter\CodeIgniter->run()
