CRITICAL - 2022-12-17 07:19:25 --> Invalid file: Admin/Language/create.php
in SYSTEMPATH\Exceptions\FrameworkException.php on line 33.
 1 SYSTEMPATH\View\View.php(201): CodeIgniter\Exceptions\FrameworkException::forInvalidFile('Admin/Language/create.php')
 2 SYSTEMPATH\Common.php(1137): CodeIgniter\View\View->render('Admin/Language/create', [], true)
 3 APPPATH\Controllers\Admin\Language.php(51): view('Admin/Language/create', [...])
 4 SYSTEMPATH\CodeIgniter.php(904): App\Controllers\Admin\Language->create()
 5 SYSTEMPATH\CodeIgniter.php(457): CodeIgniter\CodeIgniter->runController(Object(App\Controllers\Admin\Language))
 6 SYSTEMPATH\CodeIgniter.php(340): CodeIgniter\CodeIgniter->handleRequest(null, Object(Config\Cache), false)
 7 FCPATH\index.php(67): CodeIgniter\CodeIgniter->run()
CRITICAL - 2022-12-17 08:29:44 --> Too few arguments to function App\Controllers\Admin\Language::update(), 0 passed in C:\xampp\htdocs\test\da_sein\system\CodeIgniter.php on line 904 and exactly 1 expected
in APPPATH\Controllers\Admin\Language.php on line 80.
 1 SYSTEMPATH\CodeIgniter.php(904): App\Controllers\Admin\Language->update()
 2 SYSTEMPATH\CodeIgniter.php(457): CodeIgniter\CodeIgniter->runController(Object(App\Controllers\Admin\Language))
 3 SYSTEMPATH\CodeIgniter.php(340): CodeIgniter\CodeIgniter->handleRequest(null, Object(Config\Cache), false)
 4 FCPATH\index.php(67): CodeIgniter\CodeIgniter->run()
ERROR - 2022-12-17 22:22:41 --> Error connecting to the database: mysqli_sql_exception: No connection could be made because the target machine actively refused it.
 in C:\xampp\htdocs\test\da_sein\system\Database\MySQLi\Connection.php:171
Stack trace:
#0 C:\xampp\htdocs\test\da_sein\system\Database\MySQLi\Connection.php(171): mysqli->real_connect('localhost', 'root', '', 'pixel', 3306, '', 0)
#1 C:\xampp\htdocs\test\da_sein\system\Database\BaseConnection.php(382): CodeIgniter\Database\MySQLi\Connection->connect(false)
#2 C:\xampp\htdocs\test\da_sein\system\Database\BaseConnection.php(588): CodeIgniter\Database\BaseConnection->initialize()
#3 C:\xampp\htdocs\test\da_sein\system\Database\BaseBuilder.php(1585): CodeIgniter\Database\BaseConnection->query('SELECT *\nFROM `...', Array, false)
#4 C:\xampp\htdocs\test\da_sein\app\Controllers\Home.php(19): CodeIgniter\Database\BaseBuilder->get()
#5 C:\xampp\htdocs\test\da_sein\system\CodeIgniter.php(904): App\Controllers\Home->index()
#6 C:\xampp\htdocs\test\da_sein\system\CodeIgniter.php(457): CodeIgniter\CodeIgniter->runController(Object(App\Controllers\Home))
#7 C:\xampp\htdocs\test\da_sein\system\CodeIgniter.php(340): CodeIgniter\CodeIgniter->handleRequest(NULL, Object(Config\Cache), false)
#8 C:\xampp\htdocs\test\da_sein\public\index.php(67): CodeIgniter\CodeIgniter->run()
#9 {main}

Next CodeIgniter\Database\Exceptions\DatabaseException: No connection could be made because the target machine actively refused it.
 in C:\xampp\htdocs\test\da_sein\system\Database\MySQLi\Connection.php:215
Stack trace:
#0 C:\xampp\htdocs\test\da_sein\system\Database\BaseConnection.php(382): CodeIgniter\Database\MySQLi\Connection->connect(false)
#1 C:\xampp\htdocs\test\da_sein\system\Database\BaseConnection.php(588): CodeIgniter\Database\BaseConnection->initialize()
#2 C:\xampp\htdocs\test\da_sein\system\Database\BaseBuilder.php(1585): CodeIgniter\Database\BaseConnection->query('SELECT *\nFROM `...', Array, false)
#3 C:\xampp\htdocs\test\da_sein\app\Controllers\Home.php(19): CodeIgniter\Database\BaseBuilder->get()
#4 C:\xampp\htdocs\test\da_sein\system\CodeIgniter.php(904): App\Controllers\Home->index()
#5 C:\xampp\htdocs\test\da_sein\system\CodeIgniter.php(457): CodeIgniter\CodeIgniter->runController(Object(App\Controllers\Home))
#6 C:\xampp\htdocs\test\da_sein\system\CodeIgniter.php(340): CodeIgniter\CodeIgniter->handleRequest(NULL, Object(Config\Cache), false)
#7 C:\xampp\htdocs\test\da_sein\public\index.php(67): CodeIgniter\CodeIgniter->run()
#8 {main}
CRITICAL - 2022-12-17 22:22:41 --> Unable to connect to the database.
Main connection [MySQLi]: No connection could be made because the target machine actively refused it.

in SYSTEMPATH\Database\BaseConnection.php on line 418.
 1 SYSTEMPATH\Database\BaseConnection.php(588): CodeIgniter\Database\BaseConnection->initialize()
 2 SYSTEMPATH\Database\BaseBuilder.php(1585): CodeIgniter\Database\BaseConnection->query('SELECT *
FROM `slider`', [], false)
 3 APPPATH\Controllers\Home.php(19): CodeIgniter\Database\BaseBuilder->get()
 4 SYSTEMPATH\CodeIgniter.php(904): App\Controllers\Home->index()
 5 SYSTEMPATH\CodeIgniter.php(457): CodeIgniter\CodeIgniter->runController(Object(App\Controllers\Home))
 6 SYSTEMPATH\CodeIgniter.php(340): CodeIgniter\CodeIgniter->handleRequest(null, Object(Config\Cache), false)
 7 FCPATH\index.php(67): CodeIgniter\CodeIgniter->run()
ERROR - 2022-12-17 22:43:42 --> mysqli_sql_exception: Unknown column 'software_knowledge' in 'field list' in C:\xampp\htdocs\test\da_sein\system\Database\MySQLi\Connection.php:292
Stack trace:
#0 C:\xampp\htdocs\test\da_sein\system\Database\MySQLi\Connection.php(292): mysqli->query('INSERT INTO `so...', 0)
#1 C:\xampp\htdocs\test\da_sein\system\Database\BaseConnection.php(693): CodeIgniter\Database\MySQLi\Connection->execute('INSERT INTO `so...')
#2 C:\xampp\htdocs\test\da_sein\system\Database\BaseConnection.php(620): CodeIgniter\Database\BaseConnection->simpleQuery('INSERT INTO `so...')
#3 C:\xampp\htdocs\test\da_sein\system\Database\BaseBuilder.php(1916): CodeIgniter\Database\BaseConnection->query('INSERT INTO `so...', Array, false)
#4 C:\xampp\htdocs\test\da_sein\app\Controllers\Admin\Software_knowledge.php(72): CodeIgniter\Database\BaseBuilder->insert(Array)
#5 C:\xampp\htdocs\test\da_sein\system\CodeIgniter.php(904): App\Controllers\Admin\Software_knowledge->create_action()
#6 C:\xampp\htdocs\test\da_sein\system\CodeIgniter.php(457): CodeIgniter\CodeIgniter->runController(Object(App\Controllers\Admin\Software_knowledge))
#7 C:\xampp\htdocs\test\da_sein\system\CodeIgniter.php(340): CodeIgniter\CodeIgniter->handleRequest(NULL, Object(Config\Cache), false)
#8 C:\xampp\htdocs\test\da_sein\public\index.php(67): CodeIgniter\CodeIgniter->run()
#9 {main}
