CRITICAL - 2022-11-16 07:24:47 --> mkdir(): No such file or directory
in APPPATH\Controllers\Admin\Work.php on line 93.
 1 [internal function]: CodeIgniter\Debug\Exceptions->errorHandler(2, 'mkdir(): No such file or directory', 'APPPATH\\Controllers\\Admin\\Work.php', 93, [...])
 2 APPPATH\Controllers\Admin\Work.php(93): mkdir('FCPATH\\/uploads/work_img/sdfsdf-sdf-sd/', 511)
 3 SYSTEMPATH\CodeIgniter.php(904): App\Controllers\Admin\Work->create_action()
 4 SYSTEMPATH\CodeIgniter.php(457): CodeIgniter\CodeIgniter->runController(Object(App\Controllers\Admin\Work))
 5 SYSTEMPATH\CodeIgniter.php(340): CodeIgniter\CodeIgniter->handleRequest(null, Object(Config\Cache), false)
 6 FCPATH\index.php(67): CodeIgniter\CodeIgniter->run()
ERROR - 2022-11-16 07:25:09 --> mysqli_sql_exception: Cannot add or update a child row: a foreign key constraint fails (`pixel`.`work_gallary`, CONSTRAINT `work_gallary_ibfk_1` FOREIGN KEY (`work_id`) REFERENCES `works` (`work_id`) ON UPDATE CASCADE) in C:\xampp\htdocs\test\da_sein\system\Database\MySQLi\Connection.php:292
Stack trace:
#0 C:\xampp\htdocs\test\da_sein\system\Database\MySQLi\Connection.php(292): mysqli->query('INSERT INTO `wo...', 0)
#1 C:\xampp\htdocs\test\da_sein\system\Database\BaseConnection.php(693): CodeIgniter\Database\MySQLi\Connection->execute('INSERT INTO `wo...')
#2 C:\xampp\htdocs\test\da_sein\system\Database\BaseConnection.php(620): CodeIgniter\Database\BaseConnection->simpleQuery('INSERT INTO `wo...')
#3 C:\xampp\htdocs\test\da_sein\system\Database\BaseBuilder.php(1916): CodeIgniter\Database\BaseConnection->query('INSERT INTO `wo...', Array, false)
#4 C:\xampp\htdocs\test\da_sein\app\Controllers\Admin\Work.php(107): CodeIgniter\Database\BaseBuilder->insert(Array)
#5 C:\xampp\htdocs\test\da_sein\system\CodeIgniter.php(904): App\Controllers\Admin\Work->create_action()
#6 C:\xampp\htdocs\test\da_sein\system\CodeIgniter.php(457): CodeIgniter\CodeIgniter->runController(Object(App\Controllers\Admin\Work))
#7 C:\xampp\htdocs\test\da_sein\system\CodeIgniter.php(340): CodeIgniter\CodeIgniter->handleRequest(NULL, Object(Config\Cache), false)
#8 C:\xampp\htdocs\test\da_sein\public\index.php(67): CodeIgniter\CodeIgniter->run()
#9 {main}
ERROR - 2022-11-16 07:25:10 --> mysqli_sql_exception: Cannot add or update a child row: a foreign key constraint fails (`pixel`.`work_gallary`, CONSTRAINT `work_gallary_ibfk_1` FOREIGN KEY (`work_id`) REFERENCES `works` (`work_id`) ON UPDATE CASCADE) in C:\xampp\htdocs\test\da_sein\system\Database\MySQLi\Connection.php:292
Stack trace:
#0 C:\xampp\htdocs\test\da_sein\system\Database\MySQLi\Connection.php(292): mysqli->query('INSERT INTO `wo...', 0)
#1 C:\xampp\htdocs\test\da_sein\system\Database\BaseConnection.php(693): CodeIgniter\Database\MySQLi\Connection->execute('INSERT INTO `wo...')
#2 C:\xampp\htdocs\test\da_sein\system\Database\BaseConnection.php(620): CodeIgniter\Database\BaseConnection->simpleQuery('INSERT INTO `wo...')
#3 C:\xampp\htdocs\test\da_sein\system\Database\BaseBuilder.php(1916): CodeIgniter\Database\BaseConnection->query('INSERT INTO `wo...', Array, false)
#4 C:\xampp\htdocs\test\da_sein\app\Controllers\Admin\Work.php(107): CodeIgniter\Database\BaseBuilder->insert(Array)
#5 C:\xampp\htdocs\test\da_sein\system\CodeIgniter.php(904): App\Controllers\Admin\Work->create_action()
#6 C:\xampp\htdocs\test\da_sein\system\CodeIgniter.php(457): CodeIgniter\CodeIgniter->runController(Object(App\Controllers\Admin\Work))
#7 C:\xampp\htdocs\test\da_sein\system\CodeIgniter.php(340): CodeIgniter\CodeIgniter->handleRequest(NULL, Object(Config\Cache), false)
#8 C:\xampp\htdocs\test\da_sein\public\index.php(67): CodeIgniter\CodeIgniter->run()
#9 {main}
ERROR - 2022-11-16 07:25:10 --> mysqli_sql_exception: Cannot add or update a child row: a foreign key constraint fails (`pixel`.`work_gallary`, CONSTRAINT `work_gallary_ibfk_1` FOREIGN KEY (`work_id`) REFERENCES `works` (`work_id`) ON UPDATE CASCADE) in C:\xampp\htdocs\test\da_sein\system\Database\MySQLi\Connection.php:292
Stack trace:
#0 C:\xampp\htdocs\test\da_sein\system\Database\MySQLi\Connection.php(292): mysqli->query('INSERT INTO `wo...', 0)
#1 C:\xampp\htdocs\test\da_sein\system\Database\BaseConnection.php(693): CodeIgniter\Database\MySQLi\Connection->execute('INSERT INTO `wo...')
#2 C:\xampp\htdocs\test\da_sein\system\Database\BaseConnection.php(620): CodeIgniter\Database\BaseConnection->simpleQuery('INSERT INTO `wo...')
#3 C:\xampp\htdocs\test\da_sein\system\Database\BaseBuilder.php(1916): CodeIgniter\Database\BaseConnection->query('INSERT INTO `wo...', Array, false)
#4 C:\xampp\htdocs\test\da_sein\app\Controllers\Admin\Work.php(107): CodeIgniter\Database\BaseBuilder->insert(Array)
#5 C:\xampp\htdocs\test\da_sein\system\CodeIgniter.php(904): App\Controllers\Admin\Work->create_action()
#6 C:\xampp\htdocs\test\da_sein\system\CodeIgniter.php(457): CodeIgniter\CodeIgniter->runController(Object(App\Controllers\Admin\Work))
#7 C:\xampp\htdocs\test\da_sein\system\CodeIgniter.php(340): CodeIgniter\CodeIgniter->handleRequest(NULL, Object(Config\Cache), false)
#8 C:\xampp\htdocs\test\da_sein\public\index.php(67): CodeIgniter\CodeIgniter->run()
#9 {main}
CRITICAL - 2022-11-16 07:25:11 --> The original file is not a valid file.
in SYSTEMPATH\HTTP\Files\UploadedFile.php on line 137.
 1 SYSTEMPATH\HTTP\Files\UploadedFile.php(137): CodeIgniter\HTTP\Exceptions\HTTPException::forInvalidFile()
 2 APPPATH\Controllers\Admin\Work.php(98): CodeIgniter\HTTP\Files\UploadedFile->move('FCPATH\\uploads\\work_img\\sdfsdf-sdf-sd', '1668605110_d3cf5da11f1c311447a4')
 3 SYSTEMPATH\CodeIgniter.php(904): App\Controllers\Admin\Work->create_action()
 4 SYSTEMPATH\CodeIgniter.php(457): CodeIgniter\CodeIgniter->runController(Object(App\Controllers\Admin\Work))
 5 SYSTEMPATH\CodeIgniter.php(340): CodeIgniter\CodeIgniter->handleRequest(null, Object(Config\Cache), false)
 6 FCPATH\index.php(67): CodeIgniter\CodeIgniter->run()
ERROR - 2022-11-16 07:26:48 --> mysqli_sql_exception: Cannot add or update a child row: a foreign key constraint fails (`pixel`.`work_gallary`, CONSTRAINT `work_gallary_ibfk_1` FOREIGN KEY (`work_id`) REFERENCES `works` (`work_id`) ON UPDATE CASCADE) in C:\xampp\htdocs\test\da_sein\system\Database\MySQLi\Connection.php:292
Stack trace:
#0 C:\xampp\htdocs\test\da_sein\system\Database\MySQLi\Connection.php(292): mysqli->query('INSERT INTO `wo...', 0)
#1 C:\xampp\htdocs\test\da_sein\system\Database\BaseConnection.php(693): CodeIgniter\Database\MySQLi\Connection->execute('INSERT INTO `wo...')
#2 C:\xampp\htdocs\test\da_sein\system\Database\BaseConnection.php(620): CodeIgniter\Database\BaseConnection->simpleQuery('INSERT INTO `wo...')
#3 C:\xampp\htdocs\test\da_sein\system\Database\BaseBuilder.php(1916): CodeIgniter\Database\BaseConnection->query('INSERT INTO `wo...', Array, false)
#4 C:\xampp\htdocs\test\da_sein\app\Controllers\Admin\Work.php(108): CodeIgniter\Database\BaseBuilder->insert(Array)
#5 C:\xampp\htdocs\test\da_sein\system\CodeIgniter.php(904): App\Controllers\Admin\Work->create_action()
#6 C:\xampp\htdocs\test\da_sein\system\CodeIgniter.php(457): CodeIgniter\CodeIgniter->runController(Object(App\Controllers\Admin\Work))
#7 C:\xampp\htdocs\test\da_sein\system\CodeIgniter.php(340): CodeIgniter\CodeIgniter->handleRequest(NULL, Object(Config\Cache), false)
#8 C:\xampp\htdocs\test\da_sein\public\index.php(67): CodeIgniter\CodeIgniter->run()
#9 {main}
ERROR - 2022-11-16 07:26:48 --> mysqli_sql_exception: Cannot add or update a child row: a foreign key constraint fails (`pixel`.`work_gallary`, CONSTRAINT `work_gallary_ibfk_1` FOREIGN KEY (`work_id`) REFERENCES `works` (`work_id`) ON UPDATE CASCADE) in C:\xampp\htdocs\test\da_sein\system\Database\MySQLi\Connection.php:292
Stack trace:
#0 C:\xampp\htdocs\test\da_sein\system\Database\MySQLi\Connection.php(292): mysqli->query('INSERT INTO `wo...', 0)
#1 C:\xampp\htdocs\test\da_sein\system\Database\BaseConnection.php(693): CodeIgniter\Database\MySQLi\Connection->execute('INSERT INTO `wo...')
#2 C:\xampp\htdocs\test\da_sein\system\Database\BaseConnection.php(620): CodeIgniter\Database\BaseConnection->simpleQuery('INSERT INTO `wo...')
#3 C:\xampp\htdocs\test\da_sein\system\Database\BaseBuilder.php(1916): CodeIgniter\Database\BaseConnection->query('INSERT INTO `wo...', Array, false)
#4 C:\xampp\htdocs\test\da_sein\app\Controllers\Admin\Work.php(108): CodeIgniter\Database\BaseBuilder->insert(Array)
#5 C:\xampp\htdocs\test\da_sein\system\CodeIgniter.php(904): App\Controllers\Admin\Work->create_action()
#6 C:\xampp\htdocs\test\da_sein\system\CodeIgniter.php(457): CodeIgniter\CodeIgniter->runController(Object(App\Controllers\Admin\Work))
#7 C:\xampp\htdocs\test\da_sein\system\CodeIgniter.php(340): CodeIgniter\CodeIgniter->handleRequest(NULL, Object(Config\Cache), false)
#8 C:\xampp\htdocs\test\da_sein\public\index.php(67): CodeIgniter\CodeIgniter->run()
#9 {main}
ERROR - 2022-11-16 07:26:48 --> mysqli_sql_exception: Cannot add or update a child row: a foreign key constraint fails (`pixel`.`work_gallary`, CONSTRAINT `work_gallary_ibfk_1` FOREIGN KEY (`work_id`) REFERENCES `works` (`work_id`) ON UPDATE CASCADE) in C:\xampp\htdocs\test\da_sein\system\Database\MySQLi\Connection.php:292
Stack trace:
#0 C:\xampp\htdocs\test\da_sein\system\Database\MySQLi\Connection.php(292): mysqli->query('INSERT INTO `wo...', 0)
#1 C:\xampp\htdocs\test\da_sein\system\Database\BaseConnection.php(693): CodeIgniter\Database\MySQLi\Connection->execute('INSERT INTO `wo...')
#2 C:\xampp\htdocs\test\da_sein\system\Database\BaseConnection.php(620): CodeIgniter\Database\BaseConnection->simpleQuery('INSERT INTO `wo...')
#3 C:\xampp\htdocs\test\da_sein\system\Database\BaseBuilder.php(1916): CodeIgniter\Database\BaseConnection->query('INSERT INTO `wo...', Array, false)
#4 C:\xampp\htdocs\test\da_sein\app\Controllers\Admin\Work.php(108): CodeIgniter\Database\BaseBuilder->insert(Array)
#5 C:\xampp\htdocs\test\da_sein\system\CodeIgniter.php(904): App\Controllers\Admin\Work->create_action()
#6 C:\xampp\htdocs\test\da_sein\system\CodeIgniter.php(457): CodeIgniter\CodeIgniter->runController(Object(App\Controllers\Admin\Work))
#7 C:\xampp\htdocs\test\da_sein\system\CodeIgniter.php(340): CodeIgniter\CodeIgniter->handleRequest(NULL, Object(Config\Cache), false)
#8 C:\xampp\htdocs\test\da_sein\public\index.php(67): CodeIgniter\CodeIgniter->run()
#9 {main}
CRITICAL - 2022-11-16 07:26:48 --> The original file is not a valid file.
in SYSTEMPATH\HTTP\Files\UploadedFile.php on line 137.
 1 SYSTEMPATH\HTTP\Files\UploadedFile.php(137): CodeIgniter\HTTP\Exceptions\HTTPException::forInvalidFile()
 2 APPPATH\Controllers\Admin\Work.php(99): CodeIgniter\HTTP\Files\UploadedFile->move('FCPATH\\uploads\\work_img\\sdfsdf-sdf-sd', '1668605208_bfb1fed41989aad52b7b')
 3 SYSTEMPATH\CodeIgniter.php(904): App\Controllers\Admin\Work->create_action()
 4 SYSTEMPATH\CodeIgniter.php(457): CodeIgniter\CodeIgniter->runController(Object(App\Controllers\Admin\Work))
 5 SYSTEMPATH\CodeIgniter.php(340): CodeIgniter\CodeIgniter->handleRequest(null, Object(Config\Cache), false)
 6 FCPATH\index.php(67): CodeIgniter\CodeIgniter->run()
ERROR - 2022-11-16 07:30:57 --> mysqli_sql_exception: Cannot add or update a child row: a foreign key constraint fails (`pixel`.`work_gallary`, CONSTRAINT `work_gallary_ibfk_1` FOREIGN KEY (`work_id`) REFERENCES `works` (`work_id`) ON UPDATE CASCADE) in C:\xampp\htdocs\test\da_sein\system\Database\MySQLi\Connection.php:292
Stack trace:
#0 C:\xampp\htdocs\test\da_sein\system\Database\MySQLi\Connection.php(292): mysqli->query('INSERT INTO `wo...', 0)
#1 C:\xampp\htdocs\test\da_sein\system\Database\BaseConnection.php(693): CodeIgniter\Database\MySQLi\Connection->execute('INSERT INTO `wo...')
#2 C:\xampp\htdocs\test\da_sein\system\Database\BaseConnection.php(620): CodeIgniter\Database\BaseConnection->simpleQuery('INSERT INTO `wo...')
#3 C:\xampp\htdocs\test\da_sein\system\Database\BaseBuilder.php(1916): CodeIgniter\Database\BaseConnection->query('INSERT INTO `wo...', Array, false)
#4 C:\xampp\htdocs\test\da_sein\app\Controllers\Admin\Work.php(109): CodeIgniter\Database\BaseBuilder->insert(Array)
#5 C:\xampp\htdocs\test\da_sein\system\CodeIgniter.php(904): App\Controllers\Admin\Work->create_action()
#6 C:\xampp\htdocs\test\da_sein\system\CodeIgniter.php(457): CodeIgniter\CodeIgniter->runController(Object(App\Controllers\Admin\Work))
#7 C:\xampp\htdocs\test\da_sein\system\CodeIgniter.php(340): CodeIgniter\CodeIgniter->handleRequest(NULL, Object(Config\Cache), false)
#8 C:\xampp\htdocs\test\da_sein\public\index.php(67): CodeIgniter\CodeIgniter->run()
#9 {main}
ERROR - 2022-11-16 07:30:58 --> mysqli_sql_exception: Cannot add or update a child row: a foreign key constraint fails (`pixel`.`work_gallary`, CONSTRAINT `work_gallary_ibfk_1` FOREIGN KEY (`work_id`) REFERENCES `works` (`work_id`) ON UPDATE CASCADE) in C:\xampp\htdocs\test\da_sein\system\Database\MySQLi\Connection.php:292
Stack trace:
#0 C:\xampp\htdocs\test\da_sein\system\Database\MySQLi\Connection.php(292): mysqli->query('INSERT INTO `wo...', 0)
#1 C:\xampp\htdocs\test\da_sein\system\Database\BaseConnection.php(693): CodeIgniter\Database\MySQLi\Connection->execute('INSERT INTO `wo...')
#2 C:\xampp\htdocs\test\da_sein\system\Database\BaseConnection.php(620): CodeIgniter\Database\BaseConnection->simpleQuery('INSERT INTO `wo...')
#3 C:\xampp\htdocs\test\da_sein\system\Database\BaseBuilder.php(1916): CodeIgniter\Database\BaseConnection->query('INSERT INTO `wo...', Array, false)
#4 C:\xampp\htdocs\test\da_sein\app\Controllers\Admin\Work.php(109): CodeIgniter\Database\BaseBuilder->insert(Array)
#5 C:\xampp\htdocs\test\da_sein\system\CodeIgniter.php(904): App\Controllers\Admin\Work->create_action()
#6 C:\xampp\htdocs\test\da_sein\system\CodeIgniter.php(457): CodeIgniter\CodeIgniter->runController(Object(App\Controllers\Admin\Work))
#7 C:\xampp\htdocs\test\da_sein\system\CodeIgniter.php(340): CodeIgniter\CodeIgniter->handleRequest(NULL, Object(Config\Cache), false)
#8 C:\xampp\htdocs\test\da_sein\public\index.php(67): CodeIgniter\CodeIgniter->run()
#9 {main}
ERROR - 2022-11-16 07:30:58 --> mysqli_sql_exception: Cannot add or update a child row: a foreign key constraint fails (`pixel`.`work_gallary`, CONSTRAINT `work_gallary_ibfk_1` FOREIGN KEY (`work_id`) REFERENCES `works` (`work_id`) ON UPDATE CASCADE) in C:\xampp\htdocs\test\da_sein\system\Database\MySQLi\Connection.php:292
Stack trace:
#0 C:\xampp\htdocs\test\da_sein\system\Database\MySQLi\Connection.php(292): mysqli->query('INSERT INTO `wo...', 0)
#1 C:\xampp\htdocs\test\da_sein\system\Database\BaseConnection.php(693): CodeIgniter\Database\MySQLi\Connection->execute('INSERT INTO `wo...')
#2 C:\xampp\htdocs\test\da_sein\system\Database\BaseConnection.php(620): CodeIgniter\Database\BaseConnection->simpleQuery('INSERT INTO `wo...')
#3 C:\xampp\htdocs\test\da_sein\system\Database\BaseBuilder.php(1916): CodeIgniter\Database\BaseConnection->query('INSERT INTO `wo...', Array, false)
#4 C:\xampp\htdocs\test\da_sein\app\Controllers\Admin\Work.php(109): CodeIgniter\Database\BaseBuilder->insert(Array)
#5 C:\xampp\htdocs\test\da_sein\system\CodeIgniter.php(904): App\Controllers\Admin\Work->create_action()
#6 C:\xampp\htdocs\test\da_sein\system\CodeIgniter.php(457): CodeIgniter\CodeIgniter->runController(Object(App\Controllers\Admin\Work))
#7 C:\xampp\htdocs\test\da_sein\system\CodeIgniter.php(340): CodeIgniter\CodeIgniter->handleRequest(NULL, Object(Config\Cache), false)
#8 C:\xampp\htdocs\test\da_sein\public\index.php(67): CodeIgniter\CodeIgniter->run()
#9 {main}
CRITICAL - 2022-11-16 07:30:58 --> The original file is not a valid file.
in SYSTEMPATH\HTTP\Files\UploadedFile.php on line 137.
 1 SYSTEMPATH\HTTP\Files\UploadedFile.php(137): CodeIgniter\HTTP\Exceptions\HTTPException::forInvalidFile()
 2 APPPATH\Controllers\Admin\Work.php(100): CodeIgniter\HTTP\Files\UploadedFile->move('FCPATH\\uploads\\work_img\\sdfsdf-sdf-sd', '1668605458_a07871243d01bda91c6c')
 3 SYSTEMPATH\CodeIgniter.php(904): App\Controllers\Admin\Work->create_action()
 4 SYSTEMPATH\CodeIgniter.php(457): CodeIgniter\CodeIgniter->runController(Object(App\Controllers\Admin\Work))
 5 SYSTEMPATH\CodeIgniter.php(340): CodeIgniter\CodeIgniter->handleRequest(null, Object(Config\Cache), false)
 6 FCPATH\index.php(67): CodeIgniter\CodeIgniter->run()
CRITICAL - 2022-11-16 07:32:00 --> Invalid argument supplied for foreach()
in APPPATH\Controllers\Admin\Work.php on line 96.
 1 APPPATH\Controllers\Admin\Work.php(96): CodeIgniter\Debug\Exceptions->errorHandler(2, 'Invalid argument supplied for foreach()', 'APPPATH\\Controllers\\Admin\\Work.php', 96, [...])
 2 SYSTEMPATH\CodeIgniter.php(904): App\Controllers\Admin\Work->create_action()
 3 SYSTEMPATH\CodeIgniter.php(457): CodeIgniter\CodeIgniter->runController(Object(App\Controllers\Admin\Work))
 4 SYSTEMPATH\CodeIgniter.php(340): CodeIgniter\CodeIgniter->handleRequest(null, Object(Config\Cache), false)
 5 FCPATH\index.php(67): CodeIgniter\CodeIgniter->run()
CRITICAL - 2022-11-16 07:33:53 --> Cannot use object of type CodeIgniter\HTTP\Files\UploadedFile as array
in APPPATH\Controllers\Admin\Work.php on line 97.
 1 SYSTEMPATH\CodeIgniter.php(904): App\Controllers\Admin\Work->create_action()
 2 SYSTEMPATH\CodeIgniter.php(457): CodeIgniter\CodeIgniter->runController(Object(App\Controllers\Admin\Work))
 3 SYSTEMPATH\CodeIgniter.php(340): CodeIgniter\CodeIgniter->handleRequest(null, Object(Config\Cache), false)
 4 FCPATH\index.php(67): CodeIgniter\CodeIgniter->run()
CRITICAL - 2022-11-16 07:34:09 --> Cannot use object of type CodeIgniter\HTTP\Files\UploadedFile as array
in APPPATH\Controllers\Admin\Work.php on line 97.
 1 SYSTEMPATH\CodeIgniter.php(904): App\Controllers\Admin\Work->create_action()
 2 SYSTEMPATH\CodeIgniter.php(457): CodeIgniter\CodeIgniter->runController(Object(App\Controllers\Admin\Work))
 3 SYSTEMPATH\CodeIgniter.php(340): CodeIgniter\CodeIgniter->handleRequest(null, Object(Config\Cache), false)
 4 FCPATH\index.php(67): CodeIgniter\CodeIgniter->run()
CRITICAL - 2022-11-16 07:35:08 --> Cannot access protected property CodeIgniter\HTTP\Files\UploadedFile::$name
in APPPATH\Controllers\Admin\Work.php on line 98.
 1 SYSTEMPATH\CodeIgniter.php(904): App\Controllers\Admin\Work->create_action()
 2 SYSTEMPATH\CodeIgniter.php(457): CodeIgniter\CodeIgniter->runController(Object(App\Controllers\Admin\Work))
 3 SYSTEMPATH\CodeIgniter.php(340): CodeIgniter\CodeIgniter->handleRequest(null, Object(Config\Cache), false)
 4 FCPATH\index.php(67): CodeIgniter\CodeIgniter->run()
CRITICAL - 2022-11-16 07:35:22 --> Cannot access protected property CodeIgniter\HTTP\Files\UploadedFile::$name
in APPPATH\Controllers\Admin\Work.php on line 98.
 1 SYSTEMPATH\CodeIgniter.php(904): App\Controllers\Admin\Work->create_action()
 2 SYSTEMPATH\CodeIgniter.php(457): CodeIgniter\CodeIgniter->runController(Object(App\Controllers\Admin\Work))
 3 SYSTEMPATH\CodeIgniter.php(340): CodeIgniter\CodeIgniter->handleRequest(null, Object(Config\Cache), false)
 4 FCPATH\index.php(67): CodeIgniter\CodeIgniter->run()
CRITICAL - 2022-11-16 07:36:04 --> Cannot access protected property CodeIgniter\HTTP\Files\UploadedFile::$originalName
in APPPATH\Controllers\Admin\Work.php on line 98.
 1 SYSTEMPATH\CodeIgniter.php(904): App\Controllers\Admin\Work->create_action()
 2 SYSTEMPATH\CodeIgniter.php(457): CodeIgniter\CodeIgniter->runController(Object(App\Controllers\Admin\Work))
 3 SYSTEMPATH\CodeIgniter.php(340): CodeIgniter\CodeIgniter->handleRequest(null, Object(Config\Cache), false)
 4 FCPATH\index.php(67): CodeIgniter\CodeIgniter->run()
CRITICAL - 2022-11-16 07:36:15 --> Call to undefined method CodeIgniter\HTTP\Files\UploadedFile::originalName()
in APPPATH\Controllers\Admin\Work.php on line 98.
 1 SYSTEMPATH\CodeIgniter.php(904): App\Controllers\Admin\Work->create_action()
 2 SYSTEMPATH\CodeIgniter.php(457): CodeIgniter\CodeIgniter->runController(Object(App\Controllers\Admin\Work))
 3 SYSTEMPATH\CodeIgniter.php(340): CodeIgniter\CodeIgniter->handleRequest(null, Object(Config\Cache), false)
 4 FCPATH\index.php(67): CodeIgniter\CodeIgniter->run()
ERROR - 2022-11-16 07:36:59 --> mysqli_sql_exception: Cannot add or update a child row: a foreign key constraint fails (`pixel`.`work_gallary`, CONSTRAINT `work_gallary_ibfk_1` FOREIGN KEY (`work_id`) REFERENCES `works` (`work_id`) ON UPDATE CASCADE) in C:\xampp\htdocs\test\da_sein\system\Database\MySQLi\Connection.php:292
Stack trace:
#0 C:\xampp\htdocs\test\da_sein\system\Database\MySQLi\Connection.php(292): mysqli->query('INSERT INTO `wo...', 0)
#1 C:\xampp\htdocs\test\da_sein\system\Database\BaseConnection.php(693): CodeIgniter\Database\MySQLi\Connection->execute('INSERT INTO `wo...')
#2 C:\xampp\htdocs\test\da_sein\system\Database\BaseConnection.php(620): CodeIgniter\Database\BaseConnection->simpleQuery('INSERT INTO `wo...')
#3 C:\xampp\htdocs\test\da_sein\system\Database\BaseBuilder.php(1916): CodeIgniter\Database\BaseConnection->query('INSERT INTO `wo...', Array, false)
#4 C:\xampp\htdocs\test\da_sein\app\Controllers\Admin\Work.php(112): CodeIgniter\Database\BaseBuilder->insert(Array)
#5 C:\xampp\htdocs\test\da_sein\system\CodeIgniter.php(904): App\Controllers\Admin\Work->create_action()
#6 C:\xampp\htdocs\test\da_sein\system\CodeIgniter.php(457): CodeIgniter\CodeIgniter->runController(Object(App\Controllers\Admin\Work))
#7 C:\xampp\htdocs\test\da_sein\system\CodeIgniter.php(340): CodeIgniter\CodeIgniter->handleRequest(NULL, Object(Config\Cache), false)
#8 C:\xampp\htdocs\test\da_sein\public\index.php(67): CodeIgniter\CodeIgniter->run()
#9 {main}
ERROR - 2022-11-16 07:36:59 --> mysqli_sql_exception: Cannot add or update a child row: a foreign key constraint fails (`pixel`.`work_gallary`, CONSTRAINT `work_gallary_ibfk_1` FOREIGN KEY (`work_id`) REFERENCES `works` (`work_id`) ON UPDATE CASCADE) in C:\xampp\htdocs\test\da_sein\system\Database\MySQLi\Connection.php:292
Stack trace:
#0 C:\xampp\htdocs\test\da_sein\system\Database\MySQLi\Connection.php(292): mysqli->query('INSERT INTO `wo...', 0)
#1 C:\xampp\htdocs\test\da_sein\system\Database\BaseConnection.php(693): CodeIgniter\Database\MySQLi\Connection->execute('INSERT INTO `wo...')
#2 C:\xampp\htdocs\test\da_sein\system\Database\BaseConnection.php(620): CodeIgniter\Database\BaseConnection->simpleQuery('INSERT INTO `wo...')
#3 C:\xampp\htdocs\test\da_sein\system\Database\BaseBuilder.php(1916): CodeIgniter\Database\BaseConnection->query('INSERT INTO `wo...', Array, false)
#4 C:\xampp\htdocs\test\da_sein\app\Controllers\Admin\Work.php(112): CodeIgniter\Database\BaseBuilder->insert(Array)
#5 C:\xampp\htdocs\test\da_sein\system\CodeIgniter.php(904): App\Controllers\Admin\Work->create_action()
#6 C:\xampp\htdocs\test\da_sein\system\CodeIgniter.php(457): CodeIgniter\CodeIgniter->runController(Object(App\Controllers\Admin\Work))
#7 C:\xampp\htdocs\test\da_sein\system\CodeIgniter.php(340): CodeIgniter\CodeIgniter->handleRequest(NULL, Object(Config\Cache), false)
#8 C:\xampp\htdocs\test\da_sein\public\index.php(67): CodeIgniter\CodeIgniter->run()
#9 {main}
ERROR - 2022-11-16 07:37:00 --> mysqli_sql_exception: Cannot add or update a child row: a foreign key constraint fails (`pixel`.`work_gallary`, CONSTRAINT `work_gallary_ibfk_1` FOREIGN KEY (`work_id`) REFERENCES `works` (`work_id`) ON UPDATE CASCADE) in C:\xampp\htdocs\test\da_sein\system\Database\MySQLi\Connection.php:292
Stack trace:
#0 C:\xampp\htdocs\test\da_sein\system\Database\MySQLi\Connection.php(292): mysqli->query('INSERT INTO `wo...', 0)
#1 C:\xampp\htdocs\test\da_sein\system\Database\BaseConnection.php(693): CodeIgniter\Database\MySQLi\Connection->execute('INSERT INTO `wo...')
#2 C:\xampp\htdocs\test\da_sein\system\Database\BaseConnection.php(620): CodeIgniter\Database\BaseConnection->simpleQuery('INSERT INTO `wo...')
#3 C:\xampp\htdocs\test\da_sein\system\Database\BaseBuilder.php(1916): CodeIgniter\Database\BaseConnection->query('INSERT INTO `wo...', Array, false)
#4 C:\xampp\htdocs\test\da_sein\app\Controllers\Admin\Work.php(112): CodeIgniter\Database\BaseBuilder->insert(Array)
#5 C:\xampp\htdocs\test\da_sein\system\CodeIgniter.php(904): App\Controllers\Admin\Work->create_action()
#6 C:\xampp\htdocs\test\da_sein\system\CodeIgniter.php(457): CodeIgniter\CodeIgniter->runController(Object(App\Controllers\Admin\Work))
#7 C:\xampp\htdocs\test\da_sein\system\CodeIgniter.php(340): CodeIgniter\CodeIgniter->handleRequest(NULL, Object(Config\Cache), false)
#8 C:\xampp\htdocs\test\da_sein\public\index.php(67): CodeIgniter\CodeIgniter->run()
#9 {main}
ERROR - 2022-11-16 07:38:31 --> mysqli_sql_exception: Duplicate entry '0' for key 'PRIMARY' in C:\xampp\htdocs\test\da_sein\system\Database\MySQLi\Connection.php:292
Stack trace:
#0 C:\xampp\htdocs\test\da_sein\system\Database\MySQLi\Connection.php(292): mysqli->query('INSERT INTO `wo...', 0)
#1 C:\xampp\htdocs\test\da_sein\system\Database\BaseConnection.php(693): CodeIgniter\Database\MySQLi\Connection->execute('INSERT INTO `wo...')
#2 C:\xampp\htdocs\test\da_sein\system\Database\BaseConnection.php(620): CodeIgniter\Database\BaseConnection->simpleQuery('INSERT INTO `wo...')
#3 C:\xampp\htdocs\test\da_sein\system\Database\BaseBuilder.php(1916): CodeIgniter\Database\BaseConnection->query('INSERT INTO `wo...', Array, false)
#4 C:\xampp\htdocs\test\da_sein\app\Controllers\Admin\Work.php(109): CodeIgniter\Database\BaseBuilder->insert(Array)
#5 C:\xampp\htdocs\test\da_sein\system\CodeIgniter.php(904): App\Controllers\Admin\Work->create_action()
#6 C:\xampp\htdocs\test\da_sein\system\CodeIgniter.php(457): CodeIgniter\CodeIgniter->runController(Object(App\Controllers\Admin\Work))
#7 C:\xampp\htdocs\test\da_sein\system\CodeIgniter.php(340): CodeIgniter\CodeIgniter->handleRequest(NULL, Object(Config\Cache), false)
#8 C:\xampp\htdocs\test\da_sein\public\index.php(67): CodeIgniter\CodeIgniter->run()
#9 {main}
