CRITICAL - 2022-11-12 00:16:56 --> Call to undefined function add_main_ajax_based_menu_with_permission()
in APPPATH\Views\Admin\sidebar.php on line 27.
 1 SYSTEMPATH\View\View.php(213): include()
 2 SYSTEMPATH\View\View.php(216): CodeIgniter\View\View->CodeIgniter\View\{closure}()
 3 SYSTEMPATH\Common.php(1137): CodeIgniter\View\View->render('Admin/sidebar', [], true)
 4 APPPATH\Controllers\Admin\Dashboard.php(41): view('Admin/sidebar')
 5 SYSTEMPATH\CodeIgniter.php(904): App\Controllers\Admin\Dashboard->index()
 6 SYSTEMPATH\CodeIgniter.php(457): CodeIgniter\CodeIgniter->runController(Object(App\Controllers\Admin\Dashboard))
 7 SYSTEMPATH\CodeIgniter.php(340): CodeIgniter\CodeIgniter->handleRequest(null, Object(Config\Cache), false)
 8 FCPATH\index.php(67): CodeIgniter\CodeIgniter->run()
CRITICAL - 2022-11-12 00:17:48 --> Call to undefined function add_main_ajax_based_menu_with_permission()
in APPPATH\Views\Admin\sidebar.php on line 27.
 1 SYSTEMPATH\View\View.php(213): include()
 2 SYSTEMPATH\View\View.php(216): CodeIgniter\View\View->CodeIgniter\View\{closure}()
 3 SYSTEMPATH\Common.php(1137): CodeIgniter\View\View->render('Admin/sidebar', [], true)
 4 APPPATH\Controllers\Admin\Dashboard.php(41): view('Admin/sidebar')
 5 SYSTEMPATH\CodeIgniter.php(904): App\Controllers\Admin\Dashboard->index()
 6 SYSTEMPATH\CodeIgniter.php(457): CodeIgniter\CodeIgniter->runController(Object(App\Controllers\Admin\Dashboard))
 7 SYSTEMPATH\CodeIgniter.php(340): CodeIgniter\CodeIgniter->handleRequest(null, Object(Config\Cache), false)
 8 FCPATH\index.php(67): CodeIgniter\CodeIgniter->run()
