CRITICAL - 2022-11-14 04:11:41 --> Class 'App\Models\AdminModel' not found
in APPPATH\Controllers\Admin\General_settings.php on line 20.
 1 SYSTEMPATH\CodeIgniter.php(866): App\Controllers\Admin\General_settings->__construct()
 2 SYSTEMPATH\CodeIgniter.php(448): CodeIgniter\CodeIgniter->createController()
 3 SYSTEMPATH\CodeIgniter.php(340): CodeIgniter\CodeIgniter->handleRequest(null, Object(Config\Cache), false)
 4 FCPATH\index.php(67): CodeIgniter\CodeIgniter->run()
CRITICAL - 2022-11-14 04:12:52 --> Invalid file: Super_admin/header.php
in SYSTEMPATH\Exceptions\FrameworkException.php on line 33.
 1 SYSTEMPATH\View\View.php(201): CodeIgniter\Exceptions\FrameworkException::forInvalidFile('Super_admin/header.php')
 2 SYSTEMPATH\Common.php(1137): CodeIgniter\View\View->render('Super_admin/header', [], true)
 3 APPPATH\Controllers\Admin\General_settings.php(51): view('Super_admin/header')
 4 SYSTEMPATH\CodeIgniter.php(904): App\Controllers\Admin\General_settings->create()
 5 SYSTEMPATH\CodeIgniter.php(457): CodeIgniter\CodeIgniter->runController(Object(App\Controllers\Admin\General_settings))
 6 SYSTEMPATH\CodeIgniter.php(340): CodeIgniter\CodeIgniter->handleRequest(null, Object(Config\Cache), false)
 7 FCPATH\index.php(67): CodeIgniter\CodeIgniter->run()
CRITICAL - 2022-11-14 04:12:58 --> Invalid file: Super_admin/header.php
in SYSTEMPATH\Exceptions\FrameworkException.php on line 33.
 1 SYSTEMPATH\View\View.php(201): CodeIgniter\Exceptions\FrameworkException::forInvalidFile('Super_admin/header.php')
 2 SYSTEMPATH\Common.php(1137): CodeIgniter\View\View->render('Super_admin/header', [], true)
 3 APPPATH\Controllers\Admin\General_settings.php(51): view('Super_admin/header')
 4 SYSTEMPATH\CodeIgniter.php(904): App\Controllers\Admin\General_settings->create()
 5 SYSTEMPATH\CodeIgniter.php(457): CodeIgniter\CodeIgniter->runController(Object(App\Controllers\Admin\General_settings))
 6 SYSTEMPATH\CodeIgniter.php(340): CodeIgniter\CodeIgniter->handleRequest(null, Object(Config\Cache), false)
 7 FCPATH\index.php(67): CodeIgniter\CodeIgniter->run()
CRITICAL - 2022-11-14 04:51:02 --> unlink(C:\xampp\htdocs\test\pixel\public\/uploads/admin_image/users_1591685336.jpg): No such file or directory
in APPPATH\Controllers\Admin\Settings.php on line 127.
 1 [internal function]: CodeIgniter\Debug\Exceptions->errorHandler(2, 'unlink(C:\\xampp\\htdocs\\test\\pixel\\public\\/uploads/admin_image/users_1591685336.jpg): No such file or directory', 'APPPATH\\Controllers\\Admin\\Settings.php', 127, [...])
 2 APPPATH\Controllers\Admin\Settings.php(127): unlink('FCPATH\\/uploads/admin_image/users_1591685336.jpg')
 3 SYSTEMPATH\CodeIgniter.php(904): App\Controllers\Admin\Settings->photo_update()
 4 SYSTEMPATH\CodeIgniter.php(457): CodeIgniter\CodeIgniter->runController(Object(App\Controllers\Admin\Settings))
 5 SYSTEMPATH\CodeIgniter.php(340): CodeIgniter\CodeIgniter->handleRequest(null, Object(Config\Cache), false)
 6 FCPATH\index.php(67): CodeIgniter\CodeIgniter->run()
CRITICAL - 2022-11-14 04:58:01 --> Object of class stdClass could not be converted to string
in APPPATH\Views\Admin\header.php on line 68.
 1 SYSTEMPATH\View\View.php(213): include()
 2 SYSTEMPATH\View\View.php(216): CodeIgniter\View\View->CodeIgniter\View\{closure}()
 3 SYSTEMPATH\Common.php(1137): CodeIgniter\View\View->render('Admin/header', [], true)
 4 APPPATH\Controllers\Admin\Dashboard.php(33): view('Admin/header')
 5 SYSTEMPATH\CodeIgniter.php(904): App\Controllers\Admin\Dashboard->index()
 6 SYSTEMPATH\CodeIgniter.php(457): CodeIgniter\CodeIgniter->runController(Object(App\Controllers\Admin\Dashboard))
 7 SYSTEMPATH\CodeIgniter.php(340): CodeIgniter\CodeIgniter->handleRequest(null, Object(Config\Cache), false)
 8 FCPATH\index.php(67): CodeIgniter\CodeIgniter->run()
CRITICAL - 2022-11-14 06:05:58 --> Invalid file: web/header2.php
in SYSTEMPATH\Exceptions\FrameworkException.php on line 33.
 1 SYSTEMPATH\View\View.php(201): CodeIgniter\Exceptions\FrameworkException::forInvalidFile('web/header2.php')
 2 SYSTEMPATH\Common.php(1137): CodeIgniter\View\View->render('web/header2', [], true)
 3 APPPATH\Controllers\Home.php(25): view('web/header2')
 4 SYSTEMPATH\CodeIgniter.php(904): App\Controllers\Home->news()
 5 SYSTEMPATH\CodeIgniter.php(457): CodeIgniter\CodeIgniter->runController(Object(App\Controllers\Home))
 6 SYSTEMPATH\CodeIgniter.php(340): CodeIgniter\CodeIgniter->handleRequest(null, Object(Config\Cache), false)
 7 FCPATH\index.php(67): CodeIgniter\CodeIgniter->run()
CRITICAL - 2022-11-14 06:06:02 --> Invalid file: web/header2.php
in SYSTEMPATH\Exceptions\FrameworkException.php on line 33.
 1 SYSTEMPATH\View\View.php(201): CodeIgniter\Exceptions\FrameworkException::forInvalidFile('web/header2.php')
 2 SYSTEMPATH\Common.php(1137): CodeIgniter\View\View->render('web/header2', [], true)
 3 APPPATH\Controllers\Home.php(25): view('web/header2')
 4 SYSTEMPATH\CodeIgniter.php(904): App\Controllers\Home->news()
 5 SYSTEMPATH\CodeIgniter.php(457): CodeIgniter\CodeIgniter->runController(Object(App\Controllers\Home))
 6 SYSTEMPATH\CodeIgniter.php(340): CodeIgniter\CodeIgniter->handleRequest(null, Object(Config\Cache), false)
 7 FCPATH\index.php(67): CodeIgniter\CodeIgniter->run()
CRITICAL - 2022-11-14 08:45:48 --> Invalid file: Admin/News/create.php
in SYSTEMPATH\Exceptions\FrameworkException.php on line 33.
 1 SYSTEMPATH\View\View.php(201): CodeIgniter\Exceptions\FrameworkException::forInvalidFile('Admin/News/create.php')
 2 SYSTEMPATH\Common.php(1137): CodeIgniter\View\View->render('Admin/News/create', [], true)
 3 APPPATH\Controllers\Admin\News.php(50): view('Admin/News/create', [...])
 4 SYSTEMPATH\CodeIgniter.php(904): App\Controllers\Admin\News->create()
 5 SYSTEMPATH\CodeIgniter.php(457): CodeIgniter\CodeIgniter->runController(Object(App\Controllers\Admin\News))
 6 SYSTEMPATH\CodeIgniter.php(340): CodeIgniter\CodeIgniter->handleRequest(null, Object(Config\Cache), false)
 7 FCPATH\index.php(67): CodeIgniter\CodeIgniter->run()
CRITICAL - 2022-11-14 23:35:32 --> unlink(C:\xampp\htdocs\test\da_sein\public\/uploads/news_img/news_zz.jpg): No such file or directory
in APPPATH\Controllers\Admin\News.php on line 149.
 1 [internal function]: CodeIgniter\Debug\Exceptions->errorHandler(2, 'unlink(C:\\xampp\\htdocs\\test\\da_sein\\public\\/uploads/news_img/news_zz.jpg): No such file or directory', 'APPPATH\\Controllers\\Admin\\News.php', 149, [...])
 2 APPPATH\Controllers\Admin\News.php(149): unlink('FCPATH\\/uploads/news_img/news_zz.jpg')
 3 SYSTEMPATH\CodeIgniter.php(904): App\Controllers\Admin\News->update_action()
 4 SYSTEMPATH\CodeIgniter.php(457): CodeIgniter\CodeIgniter->runController(Object(App\Controllers\Admin\News))
 5 SYSTEMPATH\CodeIgniter.php(340): CodeIgniter\CodeIgniter->handleRequest(null, Object(Config\Cache), false)
 6 FCPATH\index.php(67): CodeIgniter\CodeIgniter->run()
