CRITICAL - 2022-11-11 23:05:23 --> Class 'App\Models\UsersModel' not found
in APPPATH\Controllers\Admin\Login.php on line 20.
 1 SYSTEMPATH\CodeIgniter.php(866): App\Controllers\Admin\Login->__construct()
 2 SYSTEMPATH\CodeIgniter.php(448): CodeIgniter\CodeIgniter->createController()
 3 SYSTEMPATH\CodeIgniter.php(340): CodeIgniter\CodeIgniter->handleRequest(null, Object(Config\Cache), false)
 4 FCPATH\index.php(67): CodeIgniter\CodeIgniter->run()
CRITICAL - 2022-11-11 23:06:30 --> Class 'App\Models\UsersModel' not found
in APPPATH\Controllers\Admin\Login.php on line 20.
 1 SYSTEMPATH\CodeIgniter.php(866): App\Controllers\Admin\Login->__construct()
 2 SYSTEMPATH\CodeIgniter.php(448): CodeIgniter\CodeIgniter->createController()
 3 SYSTEMPATH\CodeIgniter.php(340): CodeIgniter\CodeIgniter->handleRequest(null, Object(Config\Cache), false)
 4 FCPATH\index.php(67): CodeIgniter\CodeIgniter->run()
CRITICAL - 2022-11-11 23:06:31 --> Class 'App\Models\UsersModel' not found
in APPPATH\Controllers\Admin\Login.php on line 20.
 1 SYSTEMPATH\CodeIgniter.php(866): App\Controllers\Admin\Login->__construct()
 2 SYSTEMPATH\CodeIgniter.php(448): CodeIgniter\CodeIgniter->createController()
 3 SYSTEMPATH\CodeIgniter.php(340): CodeIgniter\CodeIgniter->handleRequest(null, Object(Config\Cache), false)
 4 FCPATH\index.php(67): CodeIgniter\CodeIgniter->run()
CRITICAL - 2022-11-11 23:09:21 --> Class 'App\Models\UsersModel' not found
in APPPATH\Controllers\Admin\Login.php on line 20.
 1 SYSTEMPATH\CodeIgniter.php(866): App\Controllers\Admin\Login->__construct()
 2 SYSTEMPATH\CodeIgniter.php(448): CodeIgniter\CodeIgniter->createController()
 3 SYSTEMPATH\CodeIgniter.php(340): CodeIgniter\CodeIgniter->handleRequest(null, Object(Config\Cache), false)
 4 FCPATH\index.php(67): CodeIgniter\CodeIgniter->run()
CRITICAL - 2022-11-11 23:44:21 --> Call to undefined method CodeIgniter\Database\MySQLi\Builder::first()
in APPPATH\Controllers\Admin\Login.php on line 86.
 1 APPPATH\Controllers\Admin\Login.php(44): App\Controllers\Admin\Login->loginMe('imranertaza12@gmail.com', '12345678')
 2 SYSTEMPATH\CodeIgniter.php(904): App\Controllers\Admin\Login->action()
 3 SYSTEMPATH\CodeIgniter.php(457): CodeIgniter\CodeIgniter->runController(Object(App\Controllers\Admin\Login))
 4 SYSTEMPATH\CodeIgniter.php(340): CodeIgniter\CodeIgniter->handleRequest(null, Object(Config\Cache), false)
 5 FCPATH\index.php(67): CodeIgniter\CodeIgniter->run()
CRITICAL - 2022-11-11 23:44:53 --> Class 'App\Models\UsersModel' not found
in APPPATH\Controllers\Admin\Dashboard.php on line 23.
 1 SYSTEMPATH\CodeIgniter.php(866): App\Controllers\Admin\Dashboard->__construct()
 2 SYSTEMPATH\CodeIgniter.php(448): CodeIgniter\CodeIgniter->createController()
 3 SYSTEMPATH\CodeIgniter.php(340): CodeIgniter\CodeIgniter->handleRequest(null, Object(Config\Cache), false)
 4 FCPATH\index.php(67): CodeIgniter\CodeIgniter->run()
ERROR - 2022-11-11 23:46:04 --> mysqli_sql_exception: Table 'shohozhishab_web.products' doesn't exist in C:\xampp\htdocs\test\shohozhisab\system\Database\MySQLi\Connection.php:292
Stack trace:
#0 C:\xampp\htdocs\test\shohozhisab\system\Database\MySQLi\Connection.php(292): mysqli->query('SELECT COUNT(*)...', 0)
#1 C:\xampp\htdocs\test\shohozhisab\system\Database\BaseConnection.php(693): CodeIgniter\Database\MySQLi\Connection->execute('SELECT COUNT(*)...')
#2 C:\xampp\htdocs\test\shohozhisab\system\Database\BaseConnection.php(620): CodeIgniter\Database\BaseConnection->simpleQuery('SELECT COUNT(*)...')
#3 C:\xampp\htdocs\test\shohozhisab\system\Database\BaseBuilder.php(1669): CodeIgniter\Database\BaseConnection->query('SELECT COUNT(*)...', Array, false)
#4 C:\xampp\htdocs\test\shohozhisab\app\Controllers\Admin\Dashboard.php(45): CodeIgniter\Database\BaseBuilder->countAllResults()
#5 C:\xampp\htdocs\test\shohozhisab\system\CodeIgniter.php(904): App\Controllers\Admin\Dashboard->index()
#6 C:\xampp\htdocs\test\shohozhisab\system\CodeIgniter.php(457): CodeIgniter\CodeIgniter->runController(Object(App\Controllers\Admin\Dashboard))
#7 C:\xampp\htdocs\test\shohozhisab\system\CodeIgniter.php(340): CodeIgniter\CodeIgniter->handleRequest(NULL, Object(Config\Cache), false)
#8 C:\xampp\htdocs\test\shohozhisab\public\index.php(67): CodeIgniter\CodeIgniter->run()
#9 {main}
ERROR - 2022-11-11 23:46:04 --> mysqli_sql_exception: Table 'shohozhishab_web.customers' doesn't exist in C:\xampp\htdocs\test\shohozhisab\system\Database\MySQLi\Connection.php:292
Stack trace:
#0 C:\xampp\htdocs\test\shohozhisab\system\Database\MySQLi\Connection.php(292): mysqli->query('SELECT COUNT(*)...', 0)
#1 C:\xampp\htdocs\test\shohozhisab\system\Database\BaseConnection.php(693): CodeIgniter\Database\MySQLi\Connection->execute('SELECT COUNT(*)...')
#2 C:\xampp\htdocs\test\shohozhisab\system\Database\BaseConnection.php(620): CodeIgniter\Database\BaseConnection->simpleQuery('SELECT COUNT(*)...')
#3 C:\xampp\htdocs\test\shohozhisab\system\Database\BaseBuilder.php(1669): CodeIgniter\Database\BaseConnection->query('SELECT COUNT(*)...', Array, false)
#4 C:\xampp\htdocs\test\shohozhisab\app\Controllers\Admin\Dashboard.php(50): CodeIgniter\Database\BaseBuilder->countAllResults()
#5 C:\xampp\htdocs\test\shohozhisab\system\CodeIgniter.php(904): App\Controllers\Admin\Dashboard->index()
#6 C:\xampp\htdocs\test\shohozhisab\system\CodeIgniter.php(457): CodeIgniter\CodeIgniter->runController(Object(App\Controllers\Admin\Dashboard))
#7 C:\xampp\htdocs\test\shohozhisab\system\CodeIgniter.php(340): CodeIgniter\CodeIgniter->handleRequest(NULL, Object(Config\Cache), false)
#8 C:\xampp\htdocs\test\shohozhisab\public\index.php(67): CodeIgniter\CodeIgniter->run()
#9 {main}
ERROR - 2022-11-11 23:46:04 --> mysqli_sql_exception: Table 'shohozhishab_web.loan_provider' doesn't exist in C:\xampp\htdocs\test\shohozhisab\system\Database\MySQLi\Connection.php:292
Stack trace:
#0 C:\xampp\htdocs\test\shohozhisab\system\Database\MySQLi\Connection.php(292): mysqli->query('SELECT *\nFROM `...', 0)
#1 C:\xampp\htdocs\test\shohozhisab\system\Database\BaseConnection.php(693): CodeIgniter\Database\MySQLi\Connection->execute('SELECT *\nFROM `...')
#2 C:\xampp\htdocs\test\shohozhisab\system\Database\BaseConnection.php(620): CodeIgniter\Database\BaseConnection->simpleQuery('SELECT *\nFROM `...')
#3 C:\xampp\htdocs\test\shohozhisab\system\Database\BaseBuilder.php(1585): CodeIgniter\Database\BaseConnection->query('SELECT *\nFROM `...', Array, false)
#4 C:\xampp\htdocs\test\shohozhisab\app\Controllers\Admin\Dashboard.php(56): CodeIgniter\Database\BaseBuilder->get()
#5 C:\xampp\htdocs\test\shohozhisab\system\CodeIgniter.php(904): App\Controllers\Admin\Dashboard->index()
#6 C:\xampp\htdocs\test\shohozhisab\system\CodeIgniter.php(457): CodeIgniter\CodeIgniter->runController(Object(App\Controllers\Admin\Dashboard))
#7 C:\xampp\htdocs\test\shohozhisab\system\CodeIgniter.php(340): CodeIgniter\CodeIgniter->handleRequest(NULL, Object(Config\Cache), false)
#8 C:\xampp\htdocs\test\shohozhisab\public\index.php(67): CodeIgniter\CodeIgniter->run()
#9 {main}
CRITICAL - 2022-11-11 23:46:04 --> Call to a member function getResult() on bool
in APPPATH\Controllers\Admin\Dashboard.php on line 56.
 1 SYSTEMPATH\CodeIgniter.php(904): App\Controllers\Admin\Dashboard->index()
 2 SYSTEMPATH\CodeIgniter.php(457): CodeIgniter\CodeIgniter->runController(Object(App\Controllers\Admin\Dashboard))
 3 SYSTEMPATH\CodeIgniter.php(340): CodeIgniter\CodeIgniter->handleRequest(null, Object(Config\Cache), false)
 4 FCPATH\index.php(67): CodeIgniter\CodeIgniter->run()
CRITICAL - 2022-11-11 23:46:34 --> Call to undefined function admin_cash()
in APPPATH\Views\Admin\header.php on line 61.
 1 SYSTEMPATH\View\View.php(213): include()
 2 SYSTEMPATH\View\View.php(216): CodeIgniter\View\View->CodeIgniter\View\{closure}()
 3 SYSTEMPATH\Common.php(1137): CodeIgniter\View\View->render('Admin/header', [], true)
 4 APPPATH\Controllers\Admin\Dashboard.php(40): view('Admin/header')
 5 SYSTEMPATH\CodeIgniter.php(904): App\Controllers\Admin\Dashboard->index()
 6 SYSTEMPATH\CodeIgniter.php(457): CodeIgniter\CodeIgniter->runController(Object(App\Controllers\Admin\Dashboard))
 7 SYSTEMPATH\CodeIgniter.php(340): CodeIgniter\CodeIgniter->handleRequest(null, Object(Config\Cache), false)
 8 FCPATH\index.php(67): CodeIgniter\CodeIgniter->run()
CRITICAL - 2022-11-11 23:47:24 --> Call to undefined function no_image_view()
in APPPATH\Views\Admin\header.php on line 69.
 1 SYSTEMPATH\View\View.php(213): include()
 2 SYSTEMPATH\View\View.php(216): CodeIgniter\View\View->CodeIgniter\View\{closure}()
 3 SYSTEMPATH\Common.php(1137): CodeIgniter\View\View->render('Admin/header', [], true)
 4 APPPATH\Controllers\Admin\Dashboard.php(40): view('Admin/header')
 5 SYSTEMPATH\CodeIgniter.php(904): App\Controllers\Admin\Dashboard->index()
 6 SYSTEMPATH\CodeIgniter.php(457): CodeIgniter\CodeIgniter->runController(Object(App\Controllers\Admin\Dashboard))
 7 SYSTEMPATH\CodeIgniter.php(340): CodeIgniter\CodeIgniter->handleRequest(null, Object(Config\Cache), false)
 8 FCPATH\index.php(67): CodeIgniter\CodeIgniter->run()
CRITICAL - 2022-11-11 23:47:36 --> Call to undefined function profile_name()
in APPPATH\Views\Admin\header.php on line 71.
 1 SYSTEMPATH\View\View.php(213): include()
 2 SYSTEMPATH\View\View.php(216): CodeIgniter\View\View->CodeIgniter\View\{closure}()
 3 SYSTEMPATH\Common.php(1137): CodeIgniter\View\View->render('Admin/header', [], true)
 4 APPPATH\Controllers\Admin\Dashboard.php(40): view('Admin/header')
 5 SYSTEMPATH\CodeIgniter.php(904): App\Controllers\Admin\Dashboard->index()
 6 SYSTEMPATH\CodeIgniter.php(457): CodeIgniter\CodeIgniter->runController(Object(App\Controllers\Admin\Dashboard))
 7 SYSTEMPATH\CodeIgniter.php(340): CodeIgniter\CodeIgniter->handleRequest(null, Object(Config\Cache), false)
 8 FCPATH\index.php(67): CodeIgniter\CodeIgniter->run()
CRITICAL - 2022-11-11 23:47:49 --> Call to undefined function get_sup_settings_by_lavel()
in APPPATH\Views\Admin\header.php on line 111.
 1 SYSTEMPATH\View\View.php(213): include()
 2 SYSTEMPATH\View\View.php(216): CodeIgniter\View\View->CodeIgniter\View\{closure}()
 3 SYSTEMPATH\Common.php(1137): CodeIgniter\View\View->render('Admin/header', [], true)
 4 APPPATH\Controllers\Admin\Dashboard.php(40): view('Admin/header')
 5 SYSTEMPATH\CodeIgniter.php(904): App\Controllers\Admin\Dashboard->index()
 6 SYSTEMPATH\CodeIgniter.php(457): CodeIgniter\CodeIgniter->runController(Object(App\Controllers\Admin\Dashboard))
 7 SYSTEMPATH\CodeIgniter.php(340): CodeIgniter\CodeIgniter->handleRequest(null, Object(Config\Cache), false)
 8 FCPATH\index.php(67): CodeIgniter\CodeIgniter->run()
CRITICAL - 2022-11-11 23:48:12 --> Call to undefined function no_image_view()
in APPPATH\Views\Admin\sidebar.php on line 9.
 1 SYSTEMPATH\View\View.php(213): include()
 2 SYSTEMPATH\View\View.php(216): CodeIgniter\View\View->CodeIgniter\View\{closure}()
 3 SYSTEMPATH\Common.php(1137): CodeIgniter\View\View->render('Admin/sidebar', [], true)
 4 APPPATH\Controllers\Admin\Dashboard.php(41): view('Admin/sidebar')
 5 SYSTEMPATH\CodeIgniter.php(904): App\Controllers\Admin\Dashboard->index()
 6 SYSTEMPATH\CodeIgniter.php(457): CodeIgniter\CodeIgniter->runController(Object(App\Controllers\Admin\Dashboard))
 7 SYSTEMPATH\CodeIgniter.php(340): CodeIgniter\CodeIgniter->handleRequest(null, Object(Config\Cache), false)
 8 FCPATH\index.php(67): CodeIgniter\CodeIgniter->run()
CRITICAL - 2022-11-11 23:48:35 --> Call to undefined function showWithCurrencySymbol()
in APPPATH\Views\Admin\Dashboard\dashboard.php on line 160.
 1 SYSTEMPATH\View\View.php(213): include()
 2 SYSTEMPATH\View\View.php(216): CodeIgniter\View\View->CodeIgniter\View\{closure}()
 3 SYSTEMPATH\Common.php(1137): CodeIgniter\View\View->render('Admin/Dashboard/dashboard', [], true)
 4 APPPATH\Controllers\Admin\Dashboard.php(42): view('Admin/Dashboard/dashboard')
 5 SYSTEMPATH\CodeIgniter.php(904): App\Controllers\Admin\Dashboard->index()
 6 SYSTEMPATH\CodeIgniter.php(457): CodeIgniter\CodeIgniter->runController(Object(App\Controllers\Admin\Dashboard))
 7 SYSTEMPATH\CodeIgniter.php(340): CodeIgniter\CodeIgniter->handleRequest(null, Object(Config\Cache), false)
 8 FCPATH\index.php(67): CodeIgniter\CodeIgniter->run()
CRITICAL - 2022-11-11 23:49:04 --> Use of undefined constant accounting_version - assumed 'accounting_version' (this will throw an Error in a future version of PHP)
in APPPATH\Views\Admin\footer.php on line 4.
 1 APPPATH\Views\Admin\footer.php(4): CodeIgniter\Debug\Exceptions->errorHandler(2, 'Use of undefined constant accounting_version - assumed \'accounting_version\' (this will throw an Error in a future version of PHP)', 'APPPATH\\Views\\Admin\\footer.php', 4, [])
 2 SYSTEMPATH\View\View.php(213): include('APPPATH\\Views\\Admin\\footer.php')
 3 SYSTEMPATH\View\View.php(216): CodeIgniter\View\View->CodeIgniter\View\{closure}()
 4 SYSTEMPATH\Common.php(1137): CodeIgniter\View\View->render('Admin/footer', [], true)
 5 APPPATH\Controllers\Admin\Dashboard.php(43): view('Admin/footer')
 6 SYSTEMPATH\CodeIgniter.php(904): App\Controllers\Admin\Dashboard->index()
 7 SYSTEMPATH\CodeIgniter.php(457): CodeIgniter\CodeIgniter->runController(Object(App\Controllers\Admin\Dashboard))
 8 SYSTEMPATH\CodeIgniter.php(340): CodeIgniter\CodeIgniter->handleRequest(null, Object(Config\Cache), false)
 9 FCPATH\index.php(67): CodeIgniter\CodeIgniter->run()
CRITICAL - 2022-11-11 23:51:17 --> Use of undefined constant accounting_version - assumed 'accounting_version' (this will throw an Error in a future version of PHP)
in APPPATH\Views\Admin\footer.php on line 4.
 1 APPPATH\Views\Admin\footer.php(4): CodeIgniter\Debug\Exceptions->errorHandler(2, 'Use of undefined constant accounting_version - assumed \'accounting_version\' (this will throw an Error in a future version of PHP)', 'APPPATH\\Views\\Admin\\footer.php', 4, [])
 2 SYSTEMPATH\View\View.php(213): include('APPPATH\\Views\\Admin\\footer.php')
 3 SYSTEMPATH\View\View.php(216): CodeIgniter\View\View->CodeIgniter\View\{closure}()
 4 SYSTEMPATH\Common.php(1137): CodeIgniter\View\View->render('Admin/footer', [], true)
 5 APPPATH\Controllers\Admin\Dashboard.php(43): view('Admin/footer')
 6 SYSTEMPATH\CodeIgniter.php(904): App\Controllers\Admin\Dashboard->index()
 7 SYSTEMPATH\CodeIgniter.php(457): CodeIgniter\CodeIgniter->runController(Object(App\Controllers\Admin\Dashboard))
 8 SYSTEMPATH\CodeIgniter.php(340): CodeIgniter\CodeIgniter->handleRequest(null, Object(Config\Cache), false)
 9 FCPATH\index.php(67): CodeIgniter\CodeIgniter->run()
CRITICAL - 2022-11-11 23:51:23 --> Use of undefined constant accounting_version - assumed 'accounting_version' (this will throw an Error in a future version of PHP)
in APPPATH\Views\Admin\footer.php on line 4.
 1 APPPATH\Views\Admin\footer.php(4): CodeIgniter\Debug\Exceptions->errorHandler(2, 'Use of undefined constant accounting_version - assumed \'accounting_version\' (this will throw an Error in a future version of PHP)', 'APPPATH\\Views\\Admin\\footer.php', 4, [])
 2 SYSTEMPATH\View\View.php(213): include('APPPATH\\Views\\Admin\\footer.php')
 3 SYSTEMPATH\View\View.php(216): CodeIgniter\View\View->CodeIgniter\View\{closure}()
 4 SYSTEMPATH\Common.php(1137): CodeIgniter\View\View->render('Admin/footer', [], true)
 5 APPPATH\Controllers\Admin\Dashboard.php(43): view('Admin/footer')
 6 SYSTEMPATH\CodeIgniter.php(904): App\Controllers\Admin\Dashboard->index()
 7 SYSTEMPATH\CodeIgniter.php(457): CodeIgniter\CodeIgniter->runController(Object(App\Controllers\Admin\Dashboard))
 8 SYSTEMPATH\CodeIgniter.php(340): CodeIgniter\CodeIgniter->handleRequest(null, Object(Config\Cache), false)
 9 FCPATH\index.php(67): CodeIgniter\CodeIgniter->run()
CRITICAL - 2022-11-11 23:51:26 --> Use of undefined constant accounting_version - assumed 'accounting_version' (this will throw an Error in a future version of PHP)
in APPPATH\Views\Admin\footer.php on line 4.
 1 APPPATH\Views\Admin\footer.php(4): CodeIgniter\Debug\Exceptions->errorHandler(2, 'Use of undefined constant accounting_version - assumed \'accounting_version\' (this will throw an Error in a future version of PHP)', 'APPPATH\\Views\\Admin\\footer.php', 4, [])
 2 SYSTEMPATH\View\View.php(213): include('APPPATH\\Views\\Admin\\footer.php')
 3 SYSTEMPATH\View\View.php(216): CodeIgniter\View\View->CodeIgniter\View\{closure}()
 4 SYSTEMPATH\Common.php(1137): CodeIgniter\View\View->render('Admin/footer', [], true)
 5 APPPATH\Controllers\Admin\Dashboard.php(43): view('Admin/footer')
 6 SYSTEMPATH\CodeIgniter.php(904): App\Controllers\Admin\Dashboard->index()
 7 SYSTEMPATH\CodeIgniter.php(457): CodeIgniter\CodeIgniter->runController(Object(App\Controllers\Admin\Dashboard))
 8 SYSTEMPATH\CodeIgniter.php(340): CodeIgniter\CodeIgniter->handleRequest(null, Object(Config\Cache), false)
 9 FCPATH\index.php(67): CodeIgniter\CodeIgniter->run()
CRITICAL - 2022-11-11 23:52:19 --> Use of undefined constant accounting_version - assumed 'accounting_version' (this will throw an Error in a future version of PHP)
in APPPATH\Views\Admin\footer.php on line 4.
 1 APPPATH\Views\Admin\footer.php(4): CodeIgniter\Debug\Exceptions->errorHandler(2, 'Use of undefined constant accounting_version - assumed \'accounting_version\' (this will throw an Error in a future version of PHP)', 'APPPATH\\Views\\Admin\\footer.php', 4, [])
 2 SYSTEMPATH\View\View.php(213): include('APPPATH\\Views\\Admin\\footer.php')
 3 SYSTEMPATH\View\View.php(216): CodeIgniter\View\View->CodeIgniter\View\{closure}()
 4 SYSTEMPATH\Common.php(1137): CodeIgniter\View\View->render('Admin/footer', [], true)
 5 APPPATH\Controllers\Admin\Dashboard.php(43): view('Admin/footer')
 6 SYSTEMPATH\CodeIgniter.php(904): App\Controllers\Admin\Dashboard->index()
 7 SYSTEMPATH\CodeIgniter.php(457): CodeIgniter\CodeIgniter->runController(Object(App\Controllers\Admin\Dashboard))
 8 SYSTEMPATH\CodeIgniter.php(340): CodeIgniter\CodeIgniter->handleRequest(null, Object(Config\Cache), false)
 9 FCPATH\index.php(67): CodeIgniter\CodeIgniter->run()
CRITICAL - 2022-11-11 23:52:23 --> Use of undefined constant accounting_version - assumed 'accounting_version' (this will throw an Error in a future version of PHP)
in APPPATH\Views\Admin\footer.php on line 4.
 1 APPPATH\Views\Admin\footer.php(4): CodeIgniter\Debug\Exceptions->errorHandler(2, 'Use of undefined constant accounting_version - assumed \'accounting_version\' (this will throw an Error in a future version of PHP)', 'APPPATH\\Views\\Admin\\footer.php', 4, [])
 2 SYSTEMPATH\View\View.php(213): include('APPPATH\\Views\\Admin\\footer.php')
 3 SYSTEMPATH\View\View.php(216): CodeIgniter\View\View->CodeIgniter\View\{closure}()
 4 SYSTEMPATH\Common.php(1137): CodeIgniter\View\View->render('Admin/footer', [], true)
 5 APPPATH\Controllers\Admin\Dashboard.php(43): view('Admin/footer')
 6 SYSTEMPATH\CodeIgniter.php(904): App\Controllers\Admin\Dashboard->index()
 7 SYSTEMPATH\CodeIgniter.php(457): CodeIgniter\CodeIgniter->runController(Object(App\Controllers\Admin\Dashboard))
 8 SYSTEMPATH\CodeIgniter.php(340): CodeIgniter\CodeIgniter->handleRequest(null, Object(Config\Cache), false)
 9 FCPATH\index.php(67): CodeIgniter\CodeIgniter->run()
CRITICAL - 2022-11-11 23:53:03 --> Use of undefined constant accounting_version - assumed 'accounting_version' (this will throw an Error in a future version of PHP)
in APPPATH\Views\Admin\footer.php on line 4.
 1 APPPATH\Views\Admin\footer.php(4): CodeIgniter\Debug\Exceptions->errorHandler(2, 'Use of undefined constant accounting_version - assumed \'accounting_version\' (this will throw an Error in a future version of PHP)', 'APPPATH\\Views\\Admin\\footer.php', 4, [])
 2 SYSTEMPATH\View\View.php(213): include('APPPATH\\Views\\Admin\\footer.php')
 3 SYSTEMPATH\View\View.php(216): CodeIgniter\View\View->CodeIgniter\View\{closure}()
 4 SYSTEMPATH\Common.php(1137): CodeIgniter\View\View->render('Admin/footer', [], true)
 5 APPPATH\Controllers\Admin\Dashboard.php(43): view('Admin/footer')
 6 SYSTEMPATH\CodeIgniter.php(904): App\Controllers\Admin\Dashboard->index()
 7 SYSTEMPATH\CodeIgniter.php(457): CodeIgniter\CodeIgniter->runController(Object(App\Controllers\Admin\Dashboard))
 8 SYSTEMPATH\CodeIgniter.php(340): CodeIgniter\CodeIgniter->handleRequest(null, Object(Config\Cache), false)
 9 FCPATH\index.php(67): CodeIgniter\CodeIgniter->run()
CRITICAL - 2022-11-11 23:53:47 --> Use of undefined constant accounting_version - assumed 'accounting_version' (this will throw an Error in a future version of PHP)
in APPPATH\Views\Admin\footer.php on line 4.
 1 APPPATH\Views\Admin\footer.php(4): CodeIgniter\Debug\Exceptions->errorHandler(2, 'Use of undefined constant accounting_version - assumed \'accounting_version\' (this will throw an Error in a future version of PHP)', 'APPPATH\\Views\\Admin\\footer.php', 4, [])
 2 SYSTEMPATH\View\View.php(213): include('APPPATH\\Views\\Admin\\footer.php')
 3 SYSTEMPATH\View\View.php(216): CodeIgniter\View\View->CodeIgniter\View\{closure}()
 4 SYSTEMPATH\Common.php(1137): CodeIgniter\View\View->render('Admin/footer', [], true)
 5 APPPATH\Controllers\Admin\Dashboard.php(43): view('Admin/footer')
 6 SYSTEMPATH\CodeIgniter.php(904): App\Controllers\Admin\Dashboard->index()
 7 SYSTEMPATH\CodeIgniter.php(457): CodeIgniter\CodeIgniter->runController(Object(App\Controllers\Admin\Dashboard))
 8 SYSTEMPATH\CodeIgniter.php(340): CodeIgniter\CodeIgniter->handleRequest(null, Object(Config\Cache), false)
 9 FCPATH\index.php(67): CodeIgniter\CodeIgniter->run()
CRITICAL - 2022-11-11 23:53:49 --> Use of undefined constant accounting_version - assumed 'accounting_version' (this will throw an Error in a future version of PHP)
in APPPATH\Views\Admin\footer.php on line 4.
 1 APPPATH\Views\Admin\footer.php(4): CodeIgniter\Debug\Exceptions->errorHandler(2, 'Use of undefined constant accounting_version - assumed \'accounting_version\' (this will throw an Error in a future version of PHP)', 'APPPATH\\Views\\Admin\\footer.php', 4, [])
 2 SYSTEMPATH\View\View.php(213): include('APPPATH\\Views\\Admin\\footer.php')
 3 SYSTEMPATH\View\View.php(216): CodeIgniter\View\View->CodeIgniter\View\{closure}()
 4 SYSTEMPATH\Common.php(1137): CodeIgniter\View\View->render('Admin/footer', [], true)
 5 APPPATH\Controllers\Admin\Dashboard.php(43): view('Admin/footer')
 6 SYSTEMPATH\CodeIgniter.php(904): App\Controllers\Admin\Dashboard->index()
 7 SYSTEMPATH\CodeIgniter.php(457): CodeIgniter\CodeIgniter->runController(Object(App\Controllers\Admin\Dashboard))
 8 SYSTEMPATH\CodeIgniter.php(340): CodeIgniter\CodeIgniter->handleRequest(null, Object(Config\Cache), false)
 9 FCPATH\index.php(67): CodeIgniter\CodeIgniter->run()
CRITICAL - 2022-11-11 23:54:05 --> Use of undefined constant accounting_version - assumed 'accounting_version' (this will throw an Error in a future version of PHP)
in APPPATH\Views\Admin\footer.php on line 4.
 1 APPPATH\Views\Admin\footer.php(4): CodeIgniter\Debug\Exceptions->errorHandler(2, 'Use of undefined constant accounting_version - assumed \'accounting_version\' (this will throw an Error in a future version of PHP)', 'APPPATH\\Views\\Admin\\footer.php', 4, [])
 2 SYSTEMPATH\View\View.php(213): include('APPPATH\\Views\\Admin\\footer.php')
 3 SYSTEMPATH\View\View.php(216): CodeIgniter\View\View->CodeIgniter\View\{closure}()
 4 SYSTEMPATH\Common.php(1137): CodeIgniter\View\View->render('Admin/footer', [], true)
 5 APPPATH\Controllers\Admin\Dashboard.php(43): view('Admin/footer')
 6 SYSTEMPATH\CodeIgniter.php(904): App\Controllers\Admin\Dashboard->index()
 7 SYSTEMPATH\CodeIgniter.php(457): CodeIgniter\CodeIgniter->runController(Object(App\Controllers\Admin\Dashboard))
 8 SYSTEMPATH\CodeIgniter.php(340): CodeIgniter\CodeIgniter->handleRequest(null, Object(Config\Cache), false)
 9 FCPATH\index.php(67): CodeIgniter\CodeIgniter->run()
CRITICAL - 2022-11-11 23:54:28 --> Call to undefined function getAllListInOption()
in FCPATH\admin\dist\js\ajaxScript.php on line 267.
 1 APPPATH\Views\Admin\footer.php(58): require_once()
 2 SYSTEMPATH\View\View.php(213): include('APPPATH\\Views\\Admin\\footer.php')
 3 SYSTEMPATH\View\View.php(216): CodeIgniter\View\View->CodeIgniter\View\{closure}()
 4 SYSTEMPATH\Common.php(1137): CodeIgniter\View\View->render('Admin/footer', [], true)
 5 APPPATH\Controllers\Admin\Dashboard.php(43): view('Admin/footer')
 6 SYSTEMPATH\CodeIgniter.php(904): App\Controllers\Admin\Dashboard->index()
 7 SYSTEMPATH\CodeIgniter.php(457): CodeIgniter\CodeIgniter->runController(Object(App\Controllers\Admin\Dashboard))
 8 SYSTEMPATH\CodeIgniter.php(340): CodeIgniter\CodeIgniter->handleRequest(null, Object(Config\Cache), false)
 9 FCPATH\index.php(67): CodeIgniter\CodeIgniter->run()
CRITICAL - 2022-11-11 23:54:36 --> Call to undefined function getAllListInOption()
in FCPATH\admin\dist\js\ajaxScript.php on line 267.
 1 APPPATH\Views\Admin\footer.php(58): require_once()
 2 SYSTEMPATH\View\View.php(213): include('APPPATH\\Views\\Admin\\footer.php')
 3 SYSTEMPATH\View\View.php(216): CodeIgniter\View\View->CodeIgniter\View\{closure}()
 4 SYSTEMPATH\Common.php(1137): CodeIgniter\View\View->render('Admin/footer', [], true)
 5 APPPATH\Controllers\Admin\Dashboard.php(43): view('Admin/footer')
 6 SYSTEMPATH\CodeIgniter.php(904): App\Controllers\Admin\Dashboard->index()
 7 SYSTEMPATH\CodeIgniter.php(457): CodeIgniter\CodeIgniter->runController(Object(App\Controllers\Admin\Dashboard))
 8 SYSTEMPATH\CodeIgniter.php(340): CodeIgniter\CodeIgniter->handleRequest(null, Object(Config\Cache), false)
 9 FCPATH\index.php(67): CodeIgniter\CodeIgniter->run()
CRITICAL - 2022-11-11 23:56:14 --> Call to undefined function getAllListInOption()
in FCPATH\admin\dist\js\ajaxScript.php on line 267.
 1 APPPATH\Views\Admin\footer.php(58): require_once()
 2 SYSTEMPATH\View\View.php(213): include('APPPATH\\Views\\Admin\\footer.php')
 3 SYSTEMPATH\View\View.php(216): CodeIgniter\View\View->CodeIgniter\View\{closure}()
 4 SYSTEMPATH\Common.php(1137): CodeIgniter\View\View->render('Admin/footer', [], true)
 5 APPPATH\Controllers\Admin\Dashboard.php(43): view('Admin/footer')
 6 SYSTEMPATH\CodeIgniter.php(904): App\Controllers\Admin\Dashboard->index()
 7 SYSTEMPATH\CodeIgniter.php(457): CodeIgniter\CodeIgniter->runController(Object(App\Controllers\Admin\Dashboard))
 8 SYSTEMPATH\CodeIgniter.php(340): CodeIgniter\CodeIgniter->handleRequest(null, Object(Config\Cache), false)
 9 FCPATH\index.php(67): CodeIgniter\CodeIgniter->run()
CRITICAL - 2022-11-11 23:57:22 --> Call to undefined function getAllListInOption()
in FCPATH\admin\dist\js\ajaxScript.php on line 267.
 1 APPPATH\Views\Admin\footer.php(58): require_once()
 2 SYSTEMPATH\View\View.php(213): include('APPPATH\\Views\\Admin\\footer.php')
 3 SYSTEMPATH\View\View.php(216): CodeIgniter\View\View->CodeIgniter\View\{closure}()
 4 SYSTEMPATH\Common.php(1137): CodeIgniter\View\View->render('Admin/footer', [], true)
 5 APPPATH\Controllers\Admin\Dashboard.php(43): view('Admin/footer')
 6 SYSTEMPATH\CodeIgniter.php(904): App\Controllers\Admin\Dashboard->index()
 7 SYSTEMPATH\CodeIgniter.php(457): CodeIgniter\CodeIgniter->runController(Object(App\Controllers\Admin\Dashboard))
 8 SYSTEMPATH\CodeIgniter.php(340): CodeIgniter\CodeIgniter->handleRequest(null, Object(Config\Cache), false)
 9 FCPATH\index.php(67): CodeIgniter\CodeIgniter->run()
CRITICAL - 2022-11-11 23:57:31 --> Call to undefined function getAllListInOption()
in FCPATH\admin\dist\js\ajaxScript.php on line 267.
 1 APPPATH\Views\Admin\footer.php(58): require_once()
 2 SYSTEMPATH\View\View.php(213): include('APPPATH\\Views\\Admin\\footer.php')
 3 SYSTEMPATH\View\View.php(216): CodeIgniter\View\View->CodeIgniter\View\{closure}()
 4 SYSTEMPATH\Common.php(1137): CodeIgniter\View\View->render('Admin/footer', [], true)
 5 APPPATH\Controllers\Admin\Dashboard.php(43): view('Admin/footer')
 6 SYSTEMPATH\CodeIgniter.php(904): App\Controllers\Admin\Dashboard->index()
 7 SYSTEMPATH\CodeIgniter.php(457): CodeIgniter\CodeIgniter->runController(Object(App\Controllers\Admin\Dashboard))
 8 SYSTEMPATH\CodeIgniter.php(340): CodeIgniter\CodeIgniter->handleRequest(null, Object(Config\Cache), false)
 9 FCPATH\index.php(67): CodeIgniter\CodeIgniter->run()
CRITICAL - 2022-11-11 23:58:08 --> Call to undefined function getAllListInOption()
in FCPATH\admin\dist\js\ajaxScript.php on line 267.
 1 APPPATH\Views\Admin\footer.php(58): require_once()
 2 SYSTEMPATH\View\View.php(213): include('APPPATH\\Views\\Admin\\footer.php')
 3 SYSTEMPATH\View\View.php(216): CodeIgniter\View\View->CodeIgniter\View\{closure}()
 4 SYSTEMPATH\Common.php(1137): CodeIgniter\View\View->render('Admin/footer', [], true)
 5 APPPATH\Controllers\Admin\Dashboard.php(43): view('Admin/footer')
 6 SYSTEMPATH\CodeIgniter.php(904): App\Controllers\Admin\Dashboard->index()
 7 SYSTEMPATH\CodeIgniter.php(457): CodeIgniter\CodeIgniter->runController(Object(App\Controllers\Admin\Dashboard))
 8 SYSTEMPATH\CodeIgniter.php(340): CodeIgniter\CodeIgniter->handleRequest(null, Object(Config\Cache), false)
 9 FCPATH\index.php(67): CodeIgniter\CodeIgniter->run()
CRITICAL - 2022-11-11 23:59:20 --> Call to undefined function getAllListInOption()
in FCPATH\admin\dist\js\ajaxScript.php on line 267.
 1 APPPATH\Views\Admin\footer.php(58): require_once()
 2 SYSTEMPATH\View\View.php(213): include('APPPATH\\Views\\Admin\\footer.php')
 3 SYSTEMPATH\View\View.php(216): CodeIgniter\View\View->CodeIgniter\View\{closure}()
 4 SYSTEMPATH\Common.php(1137): CodeIgniter\View\View->render('Admin/footer', [], true)
 5 APPPATH\Controllers\Admin\Dashboard.php(43): view('Admin/footer')
 6 SYSTEMPATH\CodeIgniter.php(904): App\Controllers\Admin\Dashboard->index()
 7 SYSTEMPATH\CodeIgniter.php(457): CodeIgniter\CodeIgniter->runController(Object(App\Controllers\Admin\Dashboard))
 8 SYSTEMPATH\CodeIgniter.php(340): CodeIgniter\CodeIgniter->handleRequest(null, Object(Config\Cache), false)
 9 FCPATH\index.php(67): CodeIgniter\CodeIgniter->run()
