ERROR - 2022-11-18 22:07:58 --> mysqli_sql_exception: Column 'work_id' in group statement is ambiguous in C:\xampp\htdocs\test\da_sein\system\Database\MySQLi\Connection.php:292
Stack trace:
#0 C:\xampp\htdocs\test\da_sein\system\Database\MySQLi\Connection.php(292): mysqli->query('SELECT *\nFROM `...', 0)
#1 C:\xampp\htdocs\test\da_sein\system\Database\BaseConnection.php(693): CodeIgniter\Database\MySQLi\Connection->execute('SELECT *\nFROM `...')
#2 C:\xampp\htdocs\test\da_sein\system\Database\BaseConnection.php(620): CodeIgniter\Database\BaseConnection->simpleQuery('SELECT *\nFROM `...')
#3 C:\xampp\htdocs\test\da_sein\system\Database\BaseBuilder.php(1585): CodeIgniter\Database\BaseConnection->query('SELECT *\nFROM `...', Array, false)
#4 C:\xampp\htdocs\test\da_sein\app\Controllers\Admin\Work.php(28): CodeIgniter\Database\BaseBuilder->get()
#5 C:\xampp\htdocs\test\da_sein\system\CodeIgniter.php(904): App\Controllers\Admin\Work->index()
#6 C:\xampp\htdocs\test\da_sein\system\CodeIgniter.php(457): CodeIgniter\CodeIgniter->runController(Object(App\Controllers\Admin\Work))
#7 C:\xampp\htdocs\test\da_sein\system\CodeIgniter.php(340): CodeIgniter\CodeIgniter->handleRequest(NULL, Object(Config\Cache), false)
#8 C:\xampp\htdocs\test\da_sein\public\index.php(67): CodeIgniter\CodeIgniter->run()
#9 {main}
CRITICAL - 2022-11-18 22:07:58 --> Call to a member function getResult() on bool
in APPPATH\Controllers\Admin\Work.php on line 28.
 1 SYSTEMPATH\CodeIgniter.php(904): App\Controllers\Admin\Work->index()
 2 SYSTEMPATH\CodeIgniter.php(457): CodeIgniter\CodeIgniter->runController(Object(App\Controllers\Admin\Work))
 3 SYSTEMPATH\CodeIgniter.php(340): CodeIgniter\CodeIgniter->handleRequest(null, Object(Config\Cache), false)
 4 FCPATH\index.php(67): CodeIgniter\CodeIgniter->run()
CRITICAL - 2022-11-18 22:12:44 --> Invalid file: Admin/Work/update.php
in SYSTEMPATH\Exceptions\FrameworkException.php on line 33.
 1 SYSTEMPATH\View\View.php(201): CodeIgniter\Exceptions\FrameworkException::forInvalidFile('Admin/Work/update.php')
 2 SYSTEMPATH\Common.php(1137): CodeIgniter\View\View->render('Admin/Work/update', [], true)
 3 APPPATH\Controllers\Admin\Work.php(138): view('Admin/Work/update', [...])
 4 SYSTEMPATH\CodeIgniter.php(904): App\Controllers\Admin\Work->update('1')
 5 SYSTEMPATH\CodeIgniter.php(457): CodeIgniter\CodeIgniter->runController(Object(App\Controllers\Admin\Work))
 6 SYSTEMPATH\CodeIgniter.php(340): CodeIgniter\CodeIgniter->handleRequest(null, Object(Config\Cache), false)
 7 FCPATH\index.php(67): CodeIgniter\CodeIgniter->run()
